====================================================================================================
AUTO-TUNE FASE 0: sanity_baseline
  Focus regimens: []
  Search space keys: []
  N samples: 1
====================================================================================================

Baseline (config default)...
[HM_SI_local] cutoff=2026-05-03  version=HM_SI_LOCAL_v3_46_MIRROR_v0_1
  cargando cache desde C:\Users\sanhu\Odoo\proyectos\2026-05-27-harness-local\cache...
  ABCXYZ context: 2,029 SKUs
  filas POS: 581,848
  target_week=2026-05-04  iso_week=19
  price_corr context: 735 productos con factor
  construyendo series weekly (window corta SMA)...
  pares (team, sku): 15,630  semanas: 26
  construyendo series weekly (window larga para lifecycle)...
  semanas largas: 104
  construyendo SI dicts...
  SI local_categ (team,categ): 694  categ_global: 65  SKUs: 1,646
  computando fair_share_ctx...
    sku_qty_per_sala: 15,700
    categ_qty_per_sala: 716
  computando trend factors por team (YoY asimetrico)...
    team 5: factor=0.814  yoy_avg=-18.6%  n=8
    team 6: factor=0.825  yoy_avg=-17.5%  n=8
    team 7: factor=0.788  yoy_avg=-21.2%  n=8
    team 8: factor=0.958  yoy_avg=-4.2%  n=8
    team 9: factor=1.000  yoy_avg=+2.3%  n=8
    team 10: factor=1.000  yoy_avg=+3.3%  n=8
    team 11: factor=1.000  yoy_avg=+0.0%  n=0
    team 12: factor=0.870  yoy_avg=-13.0%  n=8
    team 13: factor=0.976  yoy_avg=-2.4%  n=8
    team 16: factor=0.967  yoy_avg=-3.3%  n=8
    team 17: factor=0.774  yoy_avg=-22.6%  n=8
    team 18: factor=1.000  yoy_avg=+17.5%  n=8
  main loop...
  forecasts generados: 15,625
[HM_SI_local] cutoff=2026-05-10  version=HM_SI_LOCAL_v3_46_MIRROR_v0_1
  cargando cache desde C:\Users\sanhu\Odoo\proyectos\2026-05-27-harness-local\cache...
  ABCXYZ context: 2,029 SKUs
  filas POS: 581,848
  target_week=2026-05-11  iso_week=20
  price_corr context: 768 productos con factor
  construyendo series weekly (window corta SMA)...
  pares (team, sku): 15,619  semanas: 26
  construyendo series weekly (window larga para lifecycle)...
  semanas largas: 104
  construyendo SI dicts...
  SI local_categ (team,categ): 696  categ_global: 65  SKUs: 1,646
  computando fair_share_ctx...
    sku_qty_per_sala: 15,668
    categ_qty_per_sala: 716
  computando trend factors por team (YoY asimetrico)...
    team 5: factor=0.813  yoy_avg=-18.7%  n=8
    team 6: factor=0.802  yoy_avg=-19.8%  n=8
    team 7: factor=0.763  yoy_avg=-23.7%  n=8
    team 8: factor=0.959  yoy_avg=-4.1%  n=8
    team 9: factor=1.000  yoy_avg=+0.2%  n=8
    team 10: factor=0.999  yoy_avg=-0.1%  n=8
    team 11: factor=1.000  yoy_avg=+0.0%  n=0
    team 12: factor=0.851  yoy_avg=-14.9%  n=8
    team 13: factor=1.000  yoy_avg=+0.3%  n=8
    team 16: factor=0.954  yoy_avg=-4.6%  n=8
    team 17: factor=0.740  yoy_avg=-26.0%  n=8
    team 18: factor=1.000  yoy_avg=+13.2%  n=8
  main loop...
  forecasts generados: 15,613
[HM_SI_local] cutoff=2026-05-17  version=HM_SI_LOCAL_v3_46_MIRROR_v0_1
  cargando cache desde C:\Users\sanhu\Odoo\proyectos\2026-05-27-harness-local\cache...
  ABCXYZ context: 2,029 SKUs
  filas POS: 581,848
  target_week=2026-05-18  iso_week=21
  price_corr context: 786 productos con factor
  construyendo series weekly (window corta SMA)...
  pares (team, sku): 15,695  semanas: 26
  construyendo series weekly (window larga para lifecycle)...
  semanas largas: 104
  construyendo SI dicts...
  SI local_categ (team,categ): 698  categ_global: 65  SKUs: 1,665
  computando fair_share_ctx...
    sku_qty_per_sala: 15,745
    categ_qty_per_sala: 718
  computando trend factors por team (YoY asimetrico)...
    team 5: factor=0.832  yoy_avg=-16.8%  n=8
    team 6: factor=0.798  yoy_avg=-20.2%  n=8
    team 7: factor=0.770  yoy_avg=-23.0%  n=8
    team 8: factor=0.956  yoy_avg=-4.4%  n=8
    team 9: factor=0.997  yoy_avg=-0.3%  n=8
    team 10: factor=0.988  yoy_avg=-1.2%  n=8
    team 11: factor=1.000  yoy_avg=+0.0%  n=0
    team 12: factor=0.852  yoy_avg=-14.8%  n=8
    team 13: factor=1.000  yoy_avg=+5.5%  n=8
    team 16: factor=0.943  yoy_avg=-5.7%  n=8
    team 17: factor=0.725  yoy_avg=-27.5%  n=8
    team 18: factor=1.000  yoy_avg=+10.5%  n=8
  main loop...
  forecasts generados: 15,689
  WAPE_total=74.37  BIAS_total=3.93  WAPE_REG-1=57.87  [145s]

Sanity check: phase 0 solo evalua baseline. Done.
