====================================================================================================
AUTO-TUNE FASE 3: reg8_seasonal
  Focus regimens: ['REG-8']
  Search space keys: ['SI_CEIL', 'SI_SKU_ADJ_ALPHA_HIGH', 'SI_MIN_YEARS_FOR_SKU']
  N samples: 20
====================================================================================================

Baseline (config default)...
[HM_SI_local] cutoff=2026-05-03  version=HM_SI_LOCAL_v3_46_MIRROR_v0_1
  cargando cache desde C:\Users\sanhu\Odoo\proyectos\2026-05-27-harness-local\cache...
  ABCXYZ context: 2,029 SKUs
  filas POS: 581,848
  target_week=2026-05-04  iso_week=19
  price_corr context: 735 productos con factor
  construyendo series weekly (window corta SMA)...
  pares (team, sku): 15,630  semanas: 26
  construyendo series weekly (window larga para lifecycle)...
  semanas largas: 104
  construyendo SI dicts...
  SI local_categ (team,categ): 694  categ_global: 65  SKUs: 1,646
  computando fair_share_ctx...
    sku_qty_per_sala: 15,700
    categ_qty_per_sala: 716
  computando trend factors por team (YoY asimetrico)...
    team 5: factor=0.814  yoy_avg=-18.6%  n=8
    team 6: factor=0.825  yoy_avg=-17.5%  n=8
    team 7: factor=0.788  yoy_avg=-21.2%  n=8
    team 8: factor=0.958  yoy_avg=-4.2%  n=8
    team 9: factor=1.000  yoy_avg=+2.3%  n=8
    team 10: factor=1.000  yoy_avg=+3.3%  n=8
    team 11: factor=1.000  yoy_avg=+0.0%  n=0
    team 12: factor=0.870  yoy_avg=-13.0%  n=8
    team 13: factor=0.976  yoy_avg=-2.4%  n=8
    team 16: factor=0.967  yoy_avg=-3.3%  n=8
    team 17: factor=0.774  yoy_avg=-22.6%  n=8
    team 18: factor=1.000  yoy_avg=+17.5%  n=8
  main loop...
  forecasts generados: 15,625
[HM_SI_local] cutoff=2026-05-10  version=HM_SI_LOCAL_v3_46_MIRROR_v0_1
  cargando cache desde C:\Users\sanhu\Odoo\proyectos\2026-05-27-harness-local\cache...
  ABCXYZ context: 2,029 SKUs
  filas POS: 581,848
  target_week=2026-05-11  iso_week=20
  price_corr context: 768 productos con factor
  construyendo series weekly (window corta SMA)...
  pares (team, sku): 15,619  semanas: 26
  construyendo series weekly (window larga para lifecycle)...
  semanas largas: 104
  construyendo SI dicts...
  SI local_categ (team,categ): 696  categ_global: 65  SKUs: 1,646
  computando fair_share_ctx...
    sku_qty_per_sala: 15,668
    categ_qty_per_sala: 716
  computando trend factors por team (YoY asimetrico)...
    team 5: factor=0.813  yoy_avg=-18.7%  n=8
    team 6: factor=0.802  yoy_avg=-19.8%  n=8
    team 7: factor=0.763  yoy_avg=-23.7%  n=8
    team 8: factor=0.959  yoy_avg=-4.1%  n=8
    team 9: factor=1.000  yoy_avg=+0.2%  n=8
    team 10: factor=0.999  yoy_avg=-0.1%  n=8
    team 11: factor=1.000  yoy_avg=+0.0%  n=0
    team 12: factor=0.851  yoy_avg=-14.9%  n=8
    team 13: factor=1.000  yoy_avg=+0.3%  n=8
    team 16: factor=0.954  yoy_avg=-4.6%  n=8
    team 17: factor=0.740  yoy_avg=-26.0%  n=8
    team 18: factor=1.000  yoy_avg=+13.2%  n=8
  main loop...
  forecasts generados: 15,613
[HM_SI_local] cutoff=2026-05-17  version=HM_SI_LOCAL_v3_46_MIRROR_v0_1
  cargando cache desde C:\Users\sanhu\Odoo\proyectos\2026-05-27-harness-local\cache...
  ABCXYZ context: 2,029 SKUs
  filas POS: 581,848
  target_week=2026-05-18  iso_week=21
  price_corr context: 786 productos con factor
  construyendo series weekly (window corta SMA)...
  pares (team, sku): 15,695  semanas: 26
  construyendo series weekly (window larga para lifecycle)...
  semanas largas: 104
  construyendo SI dicts...
  SI local_categ (team,categ): 698  categ_global: 65  SKUs: 1,665
  computando fair_share_ctx...
    sku_qty_per_sala: 15,745
    categ_qty_per_sala: 718
  computando trend factors por team (YoY asimetrico)...
    team 5: factor=0.832  yoy_avg=-16.8%  n=8
    team 6: factor=0.798  yoy_avg=-20.2%  n=8
    team 7: factor=0.770  yoy_avg=-23.0%  n=8
    team 8: factor=0.956  yoy_avg=-4.4%  n=8
    team 9: factor=0.997  yoy_avg=-0.3%  n=8
    team 10: factor=0.988  yoy_avg=-1.2%  n=8
    team 11: factor=1.000  yoy_avg=+0.0%  n=0
    team 12: factor=0.852  yoy_avg=-14.8%  n=8
    team 13: factor=1.000  yoy_avg=+5.5%  n=8
    team 16: factor=0.943  yoy_avg=-5.7%  n=8
    team 17: factor=0.725  yoy_avg=-27.5%  n=8
    team 18: factor=1.000  yoy_avg=+10.5%  n=8
  main loop...
  forecasts generados: 15,689
  WAPE_total=70.81  BIAS_total=9.59  WAPE_REG-1=56.7  [134s]

Sampleados 20 configs. ETA total: ~44.6 min
[HM_SI_local] cutoff=2026-05-03  version=HM_SI_LOCAL_v3_46_MIRROR_v0_1
  cargando cache desde C:\Users\sanhu\Odoo\proyectos\2026-05-27-harness-local\cache...
  ABCXYZ context: 2,029 SKUs
  filas POS: 581,848
  target_week=2026-05-04  iso_week=19
  price_corr context: 735 productos con factor
  construyendo series weekly (window corta SMA)...
  pares (team, sku): 15,630  semanas: 26
  construyendo series weekly (window larga para lifecycle)...
  semanas largas: 104
  construyendo SI dicts...
  SI local_categ (team,categ): 694  categ_global: 65  SKUs: 1,646
  computando fair_share_ctx...
    sku_qty_per_sala: 15,700
    categ_qty_per_sala: 716
  computando trend factors por team (YoY asimetrico)...
    team 5: factor=0.814  yoy_avg=-18.6%  n=8
    team 6: factor=0.825  yoy_avg=-17.5%  n=8
    team 7: factor=0.788  yoy_avg=-21.2%  n=8
    team 8: factor=0.958  yoy_avg=-4.2%  n=8
    team 9: factor=1.000  yoy_avg=+2.3%  n=8
    team 10: factor=1.000  yoy_avg=+3.3%  n=8
    team 11: factor=1.000  yoy_avg=+0.0%  n=0
    team 12: factor=0.870  yoy_avg=-13.0%  n=8
    team 13: factor=0.976  yoy_avg=-2.4%  n=8
    team 16: factor=0.967  yoy_avg=-3.3%  n=8
    team 17: factor=0.774  yoy_avg=-22.6%  n=8
    team 18: factor=1.000  yoy_avg=+17.5%  n=8
  main loop...
  forecasts generados: 15,625
[HM_SI_local] cutoff=2026-05-10  version=HM_SI_LOCAL_v3_46_MIRROR_v0_1
  cargando cache desde C:\Users\sanhu\Odoo\proyectos\2026-05-27-harness-local\cache...
  ABCXYZ context: 2,029 SKUs
  filas POS: 581,848
  target_week=2026-05-11  iso_week=20
  price_corr context: 768 productos con factor
  construyendo series weekly (window corta SMA)...
  pares (team, sku): 15,619  semanas: 26
  construyendo series weekly (window larga para lifecycle)...
  semanas largas: 104
  construyendo SI dicts...
  SI local_categ (team,categ): 696  categ_global: 65  SKUs: 1,646
  computando fair_share_ctx...
    sku_qty_per_sala: 15,668
    categ_qty_per_sala: 716
  computando trend factors por team (YoY asimetrico)...
    team 5: factor=0.813  yoy_avg=-18.7%  n=8
    team 6: factor=0.802  yoy_avg=-19.8%  n=8
    team 7: factor=0.763  yoy_avg=-23.7%  n=8
    team 8: factor=0.959  yoy_avg=-4.1%  n=8
    team 9: factor=1.000  yoy_avg=+0.2%  n=8
    team 10: factor=0.999  yoy_avg=-0.1%  n=8
    team 11: factor=1.000  yoy_avg=+0.0%  n=0
    team 12: factor=0.851  yoy_avg=-14.9%  n=8
    team 13: factor=1.000  yoy_avg=+0.3%  n=8
    team 16: factor=0.954  yoy_avg=-4.6%  n=8
    team 17: factor=0.740  yoy_avg=-26.0%  n=8
    team 18: factor=1.000  yoy_avg=+13.2%  n=8
  main loop...
  forecasts generados: 15,613
[HM_SI_local] cutoff=2026-05-17  version=HM_SI_LOCAL_v3_46_MIRROR_v0_1
  cargando cache desde C:\Users\sanhu\Odoo\proyectos\2026-05-27-harness-local\cache...
  ABCXYZ context: 2,029 SKUs
  filas POS: 581,848
  target_week=2026-05-18  iso_week=21
  price_corr context: 786 productos con factor
  construyendo series weekly (window corta SMA)...
  pares (team, sku): 15,695  semanas: 26
  construyendo series weekly (window larga para lifecycle)...
  semanas largas: 104
  construyendo SI dicts...
  SI local_categ (team,categ): 698  categ_global: 65  SKUs: 1,665
  computando fair_share_ctx...
    sku_qty_per_sala: 15,745
    categ_qty_per_sala: 718
  computando trend factors por team (YoY asimetrico)...
    team 5: factor=0.832  yoy_avg=-16.8%  n=8
    team 6: factor=0.798  yoy_avg=-20.2%  n=8
    team 7: factor=0.770  yoy_avg=-23.0%  n=8
    team 8: factor=0.956  yoy_avg=-4.4%  n=8
    team 9: factor=0.997  yoy_avg=-0.3%  n=8
    team 10: factor=0.988  yoy_avg=-1.2%  n=8
    team 11: factor=1.000  yoy_avg=+0.0%  n=0
    team 12: factor=0.852  yoy_avg=-14.8%  n=8
    team 13: factor=1.000  yoy_avg=+5.5%  n=8
    team 16: factor=0.943  yoy_avg=-5.7%  n=8
    team 17: factor=0.725  yoy_avg=-27.5%  n=8
    team 18: factor=1.000  yoy_avg=+10.5%  n=8
  main loop...
  forecasts generados: 15,689
  [  1/20]  WAPE=70.53  REG-1=56.33 OK  REG-2=119.76  REG-4=154.87  REG-7=133.55  REG-8=54.21  BIAS=+9.57  [133s]  | SI_CEIL=3.0, SI_SKU_ADJ_ALPHA_HIGH=0.2, SI_MIN_YEARS_FOR_SKU=3
[HM_SI_local] cutoff=2026-05-03  version=HM_SI_LOCAL_v3_46_MIRROR_v0_1
  cargando cache desde C:\Users\sanhu\Odoo\proyectos\2026-05-27-harness-local\cache...
  ABCXYZ context: 2,029 SKUs
  filas POS: 581,848
  target_week=2026-05-04  iso_week=19
  price_corr context: 735 productos con factor
  construyendo series weekly (window corta SMA)...
  pares (team, sku): 15,630  semanas: 26
  construyendo series weekly (window larga para lifecycle)...
  semanas largas: 104
  construyendo SI dicts...
  SI local_categ (team,categ): 694  categ_global: 65  SKUs: 1,646
  computando fair_share_ctx...
    sku_qty_per_sala: 15,700
    categ_qty_per_sala: 716
  computando trend factors por team (YoY asimetrico)...
    team 5: factor=0.814  yoy_avg=-18.6%  n=8
    team 6: factor=0.825  yoy_avg=-17.5%  n=8
    team 7: factor=0.788  yoy_avg=-21.2%  n=8
    team 8: factor=0.958  yoy_avg=-4.2%  n=8
    team 9: factor=1.000  yoy_avg=+2.3%  n=8
    team 10: factor=1.000  yoy_avg=+3.3%  n=8
    team 11: factor=1.000  yoy_avg=+0.0%  n=0
    team 12: factor=0.870  yoy_avg=-13.0%  n=8
    team 13: factor=0.976  yoy_avg=-2.4%  n=8
    team 16: factor=0.967  yoy_avg=-3.3%  n=8
    team 17: factor=0.774  yoy_avg=-22.6%  n=8
    team 18: factor=1.000  yoy_avg=+17.5%  n=8
  main loop...
  forecasts generados: 15,625
[HM_SI_local] cutoff=2026-05-10  version=HM_SI_LOCAL_v3_46_MIRROR_v0_1
  cargando cache desde C:\Users\sanhu\Odoo\proyectos\2026-05-27-harness-local\cache...
  ABCXYZ context: 2,029 SKUs
  filas POS: 581,848
  target_week=2026-05-11  iso_week=20
  price_corr context: 768 productos con factor
  construyendo series weekly (window corta SMA)...
  pares (team, sku): 15,619  semanas: 26
  construyendo series weekly (window larga para lifecycle)...
  semanas largas: 104
  construyendo SI dicts...
  SI local_categ (team,categ): 696  categ_global: 65  SKUs: 1,646
  computando fair_share_ctx...
    sku_qty_per_sala: 15,668
    categ_qty_per_sala: 716
  computando trend factors por team (YoY asimetrico)...
    team 5: factor=0.813  yoy_avg=-18.7%  n=8
    team 6: factor=0.802  yoy_avg=-19.8%  n=8
    team 7: factor=0.763  yoy_avg=-23.7%  n=8
    team 8: factor=0.959  yoy_avg=-4.1%  n=8
    team 9: factor=1.000  yoy_avg=+0.2%  n=8
    team 10: factor=0.999  yoy_avg=-0.1%  n=8
    team 11: factor=1.000  yoy_avg=+0.0%  n=0
    team 12: factor=0.851  yoy_avg=-14.9%  n=8
    team 13: factor=1.000  yoy_avg=+0.3%  n=8
    team 16: factor=0.954  yoy_avg=-4.6%  n=8
    team 17: factor=0.740  yoy_avg=-26.0%  n=8
    team 18: factor=1.000  yoy_avg=+13.2%  n=8
  main loop...
  forecasts generados: 15,613
[HM_SI_local] cutoff=2026-05-17  version=HM_SI_LOCAL_v3_46_MIRROR_v0_1
  cargando cache desde C:\Users\sanhu\Odoo\proyectos\2026-05-27-harness-local\cache...
  ABCXYZ context: 2,029 SKUs
  filas POS: 581,848
  target_week=2026-05-18  iso_week=21
  price_corr context: 786 productos con factor
  construyendo series weekly (window corta SMA)...
  pares (team, sku): 15,695  semanas: 26
  construyendo series weekly (window larga para lifecycle)...
  semanas largas: 104
  construyendo SI dicts...
  SI local_categ (team,categ): 698  categ_global: 65  SKUs: 1,665
  computando fair_share_ctx...
    sku_qty_per_sala: 15,745
    categ_qty_per_sala: 718
  computando trend factors por team (YoY asimetrico)...
    team 5: factor=0.832  yoy_avg=-16.8%  n=8
    team 6: factor=0.798  yoy_avg=-20.2%  n=8
    team 7: factor=0.770  yoy_avg=-23.0%  n=8
    team 8: factor=0.956  yoy_avg=-4.4%  n=8
    team 9: factor=0.997  yoy_avg=-0.3%  n=8
    team 10: factor=0.988  yoy_avg=-1.2%  n=8
    team 11: factor=1.000  yoy_avg=+0.0%  n=0
    team 12: factor=0.852  yoy_avg=-14.8%  n=8
    team 13: factor=1.000  yoy_avg=+5.5%  n=8
    team 16: factor=0.943  yoy_avg=-5.7%  n=8
    team 17: factor=0.725  yoy_avg=-27.5%  n=8
    team 18: factor=1.000  yoy_avg=+10.5%  n=8
  main loop...
  forecasts generados: 15,689
  [  2/20]  WAPE=70.83  REG-1=56.72 OK  REG-2=119.82  REG-4=155.06  REG-7=132.55  REG-8=54.72  BIAS=+9.49  [133s]  | SI_CEIL=4.0, SI_SKU_ADJ_ALPHA_HIGH=0.3, SI_MIN_YEARS_FOR_SKU=2
[HM_SI_local] cutoff=2026-05-03  version=HM_SI_LOCAL_v3_46_MIRROR_v0_1
  cargando cache desde C:\Users\sanhu\Odoo\proyectos\2026-05-27-harness-local\cache...
  ABCXYZ context: 2,029 SKUs
  filas POS: 581,848
  target_week=2026-05-04  iso_week=19
  price_corr context: 735 productos con factor
  construyendo series weekly (window corta SMA)...
  pares (team, sku): 15,630  semanas: 26
  construyendo series weekly (window larga para lifecycle)...
  semanas largas: 104
  construyendo SI dicts...
  SI local_categ (team,categ): 694  categ_global: 65  SKUs: 1,646
  computando fair_share_ctx...
    sku_qty_per_sala: 15,700
    categ_qty_per_sala: 716
  computando trend factors por team (YoY asimetrico)...
    team 5: factor=0.814  yoy_avg=-18.6%  n=8
    team 6: factor=0.825  yoy_avg=-17.5%  n=8
    team 7: factor=0.788  yoy_avg=-21.2%  n=8
    team 8: factor=0.958  yoy_avg=-4.2%  n=8
    team 9: factor=1.000  yoy_avg=+2.3%  n=8
    team 10: factor=1.000  yoy_avg=+3.3%  n=8
    team 11: factor=1.000  yoy_avg=+0.0%  n=0
    team 12: factor=0.870  yoy_avg=-13.0%  n=8
    team 13: factor=0.976  yoy_avg=-2.4%  n=8
    team 16: factor=0.967  yoy_avg=-3.3%  n=8
    team 17: factor=0.774  yoy_avg=-22.6%  n=8
    team 18: factor=1.000  yoy_avg=+17.5%  n=8
  main loop...
  forecasts generados: 15,625
[HM_SI_local] cutoff=2026-05-10  version=HM_SI_LOCAL_v3_46_MIRROR_v0_1
  cargando cache desde C:\Users\sanhu\Odoo\proyectos\2026-05-27-harness-local\cache...
  ABCXYZ context: 2,029 SKUs
  filas POS: 581,848
  target_week=2026-05-11  iso_week=20
  price_corr context: 768 productos con factor
  construyendo series weekly (window corta SMA)...
  pares (team, sku): 15,619  semanas: 26
  construyendo series weekly (window larga para lifecycle)...
  semanas largas: 104
  construyendo SI dicts...
  SI local_categ (team,categ): 696  categ_global: 65  SKUs: 1,646
  computando fair_share_ctx...
    sku_qty_per_sala: 15,668
    categ_qty_per_sala: 716
  computando trend factors por team (YoY asimetrico)...
    team 5: factor=0.813  yoy_avg=-18.7%  n=8
    team 6: factor=0.802  yoy_avg=-19.8%  n=8
    team 7: factor=0.763  yoy_avg=-23.7%  n=8
    team 8: factor=0.959  yoy_avg=-4.1%  n=8
    team 9: factor=1.000  yoy_avg=+0.2%  n=8
    team 10: factor=0.999  yoy_avg=-0.1%  n=8
    team 11: factor=1.000  yoy_avg=+0.0%  n=0
    team 12: factor=0.851  yoy_avg=-14.9%  n=8
    team 13: factor=1.000  yoy_avg=+0.3%  n=8
    team 16: factor=0.954  yoy_avg=-4.6%  n=8
    team 17: factor=0.740  yoy_avg=-26.0%  n=8
    team 18: factor=1.000  yoy_avg=+13.2%  n=8
  main loop...
  forecasts generados: 15,613
[HM_SI_local] cutoff=2026-05-17  version=HM_SI_LOCAL_v3_46_MIRROR_v0_1
  cargando cache desde C:\Users\sanhu\Odoo\proyectos\2026-05-27-harness-local\cache...
  ABCXYZ context: 2,029 SKUs
  filas POS: 581,848
  target_week=2026-05-18  iso_week=21
  price_corr context: 786 productos con factor
  construyendo series weekly (window corta SMA)...
  pares (team, sku): 15,695  semanas: 26
  construyendo series weekly (window larga para lifecycle)...
  semanas largas: 104
  construyendo SI dicts...
  SI local_categ (team,categ): 698  categ_global: 65  SKUs: 1,665
  computando fair_share_ctx...
    sku_qty_per_sala: 15,745
    categ_qty_per_sala: 718
  computando trend factors por team (YoY asimetrico)...
    team 5: factor=0.832  yoy_avg=-16.8%  n=8
    team 6: factor=0.798  yoy_avg=-20.2%  n=8
    team 7: factor=0.770  yoy_avg=-23.0%  n=8
    team 8: factor=0.956  yoy_avg=-4.4%  n=8
    team 9: factor=0.997  yoy_avg=-0.3%  n=8
    team 10: factor=0.988  yoy_avg=-1.2%  n=8
    team 11: factor=1.000  yoy_avg=+0.0%  n=0
    team 12: factor=0.852  yoy_avg=-14.8%  n=8
    team 13: factor=1.000  yoy_avg=+5.5%  n=8
    team 16: factor=0.943  yoy_avg=-5.7%  n=8
    team 17: factor=0.725  yoy_avg=-27.5%  n=8
    team 18: factor=1.000  yoy_avg=+10.5%  n=8
  main loop...
  forecasts generados: 15,689
  [  3/20]  WAPE=70.51  REG-1=56.32 OK  REG-2=119.79  REG-4=154.71  REG-7=133.34  REG-8=54.24  BIAS=+9.53  [133s]  | SI_CEIL=3.0, SI_SKU_ADJ_ALPHA_HIGH=0.2, SI_MIN_YEARS_FOR_SKU=2
[HM_SI_local] cutoff=2026-05-03  version=HM_SI_LOCAL_v3_46_MIRROR_v0_1
  cargando cache desde C:\Users\sanhu\Odoo\proyectos\2026-05-27-harness-local\cache...
  ABCXYZ context: 2,029 SKUs
  filas POS: 581,848
  target_week=2026-05-04  iso_week=19
  price_corr context: 735 productos con factor
  construyendo series weekly (window corta SMA)...
  pares (team, sku): 15,630  semanas: 26
  construyendo series weekly (window larga para lifecycle)...
  semanas largas: 104
  construyendo SI dicts...
  SI local_categ (team,categ): 694  categ_global: 65  SKUs: 1,646
  computando fair_share_ctx...
    sku_qty_per_sala: 15,700
    categ_qty_per_sala: 716
  computando trend factors por team (YoY asimetrico)...
    team 5: factor=0.814  yoy_avg=-18.6%  n=8
    team 6: factor=0.825  yoy_avg=-17.5%  n=8
    team 7: factor=0.788  yoy_avg=-21.2%  n=8
    team 8: factor=0.958  yoy_avg=-4.2%  n=8
    team 9: factor=1.000  yoy_avg=+2.3%  n=8
    team 10: factor=1.000  yoy_avg=+3.3%  n=8
    team 11: factor=1.000  yoy_avg=+0.0%  n=0
    team 12: factor=0.870  yoy_avg=-13.0%  n=8
    team 13: factor=0.976  yoy_avg=-2.4%  n=8
    team 16: factor=0.967  yoy_avg=-3.3%  n=8
    team 17: factor=0.774  yoy_avg=-22.6%  n=8
    team 18: factor=1.000  yoy_avg=+17.5%  n=8
  main loop...
  forecasts generados: 15,625
[HM_SI_local] cutoff=2026-05-10  version=HM_SI_LOCAL_v3_46_MIRROR_v0_1
  cargando cache desde C:\Users\sanhu\Odoo\proyectos\2026-05-27-harness-local\cache...
  ABCXYZ context: 2,029 SKUs
  filas POS: 581,848
  target_week=2026-05-11  iso_week=20
  price_corr context: 768 productos con factor
  construyendo series weekly (window corta SMA)...
  pares (team, sku): 15,619  semanas: 26
  construyendo series weekly (window larga para lifecycle)...
  semanas largas: 104
  construyendo SI dicts...
  SI local_categ (team,categ): 696  categ_global: 65  SKUs: 1,646
  computando fair_share_ctx...
    sku_qty_per_sala: 15,668
    categ_qty_per_sala: 716
  computando trend factors por team (YoY asimetrico)...
    team 5: factor=0.813  yoy_avg=-18.7%  n=8
    team 6: factor=0.802  yoy_avg=-19.8%  n=8
    team 7: factor=0.763  yoy_avg=-23.7%  n=8
    team 8: factor=0.959  yoy_avg=-4.1%  n=8
    team 9: factor=1.000  yoy_avg=+0.2%  n=8
    team 10: factor=0.999  yoy_avg=-0.1%  n=8
    team 11: factor=1.000  yoy_avg=+0.0%  n=0
    team 12: factor=0.851  yoy_avg=-14.9%  n=8
    team 13: factor=1.000  yoy_avg=+0.3%  n=8
    team 16: factor=0.954  yoy_avg=-4.6%  n=8
    team 17: factor=0.740  yoy_avg=-26.0%  n=8
    team 18: factor=1.000  yoy_avg=+13.2%  n=8
  main loop...
  forecasts generados: 15,613
[HM_SI_local] cutoff=2026-05-17  version=HM_SI_LOCAL_v3_46_MIRROR_v0_1
  cargando cache desde C:\Users\sanhu\Odoo\proyectos\2026-05-27-harness-local\cache...
  ABCXYZ context: 2,029 SKUs
  filas POS: 581,848
  target_week=2026-05-18  iso_week=21
  price_corr context: 786 productos con factor
  construyendo series weekly (window corta SMA)...
  pares (team, sku): 15,695  semanas: 26
  construyendo series weekly (window larga para lifecycle)...
  semanas largas: 104
  construyendo SI dicts...
  SI local_categ (team,categ): 698  categ_global: 65  SKUs: 1,665
  computando fair_share_ctx...
    sku_qty_per_sala: 15,745
    categ_qty_per_sala: 718
  computando trend factors por team (YoY asimetrico)...
    team 5: factor=0.832  yoy_avg=-16.8%  n=8
    team 6: factor=0.798  yoy_avg=-20.2%  n=8
    team 7: factor=0.770  yoy_avg=-23.0%  n=8
    team 8: factor=0.956  yoy_avg=-4.4%  n=8
    team 9: factor=0.997  yoy_avg=-0.3%  n=8
    team 10: factor=0.988  yoy_avg=-1.2%  n=8
    team 11: factor=1.000  yoy_avg=+0.0%  n=0
    team 12: factor=0.852  yoy_avg=-14.8%  n=8
    team 13: factor=1.000  yoy_avg=+5.5%  n=8
    team 16: factor=0.943  yoy_avg=-5.7%  n=8
    team 17: factor=0.725  yoy_avg=-27.5%  n=8
    team 18: factor=1.000  yoy_avg=+10.5%  n=8
  main loop...
  forecasts generados: 15,689
  [  4/20]  WAPE=71.37  REG-1=57.21 X  REG-2=120.18  REG-4=159.91  REG-7=131.94  REG-8=55.04  BIAS=+9.19  [133s]  | SI_CEIL=4.0, SI_SKU_ADJ_ALPHA_HIGH=0.5, SI_MIN_YEARS_FOR_SKU=2
[HM_SI_local] cutoff=2026-05-03  version=HM_SI_LOCAL_v3_46_MIRROR_v0_1
  cargando cache desde C:\Users\sanhu\Odoo\proyectos\2026-05-27-harness-local\cache...
  ABCXYZ context: 2,029 SKUs
  filas POS: 581,848
  target_week=2026-05-04  iso_week=19
  price_corr context: 735 productos con factor
  construyendo series weekly (window corta SMA)...
  pares (team, sku): 15,630  semanas: 26
  construyendo series weekly (window larga para lifecycle)...
  semanas largas: 104
  construyendo SI dicts...
  SI local_categ (team,categ): 694  categ_global: 65  SKUs: 1,646
  computando fair_share_ctx...
    sku_qty_per_sala: 15,700
    categ_qty_per_sala: 716
  computando trend factors por team (YoY asimetrico)...
    team 5: factor=0.814  yoy_avg=-18.6%  n=8
    team 6: factor=0.825  yoy_avg=-17.5%  n=8
    team 7: factor=0.788  yoy_avg=-21.2%  n=8
    team 8: factor=0.958  yoy_avg=-4.2%  n=8
    team 9: factor=1.000  yoy_avg=+2.3%  n=8
    team 10: factor=1.000  yoy_avg=+3.3%  n=8
    team 11: factor=1.000  yoy_avg=+0.0%  n=0
    team 12: factor=0.870  yoy_avg=-13.0%  n=8
    team 13: factor=0.976  yoy_avg=-2.4%  n=8
    team 16: factor=0.967  yoy_avg=-3.3%  n=8
    team 17: factor=0.774  yoy_avg=-22.6%  n=8
    team 18: factor=1.000  yoy_avg=+17.5%  n=8
  main loop...
  forecasts generados: 15,625
[HM_SI_local] cutoff=2026-05-10  version=HM_SI_LOCAL_v3_46_MIRROR_v0_1
  cargando cache desde C:\Users\sanhu\Odoo\proyectos\2026-05-27-harness-local\cache...
  ABCXYZ context: 2,029 SKUs
  filas POS: 581,848
  target_week=2026-05-11  iso_week=20
  price_corr context: 768 productos con factor
  construyendo series weekly (window corta SMA)...
  pares (team, sku): 15,619  semanas: 26
  construyendo series weekly (window larga para lifecycle)...
  semanas largas: 104
  construyendo SI dicts...
  SI local_categ (team,categ): 696  categ_global: 65  SKUs: 1,646
  computando fair_share_ctx...
    sku_qty_per_sala: 15,668
    categ_qty_per_sala: 716
  computando trend factors por team (YoY asimetrico)...
    team 5: factor=0.813  yoy_avg=-18.7%  n=8
    team 6: factor=0.802  yoy_avg=-19.8%  n=8
    team 7: factor=0.763  yoy_avg=-23.7%  n=8
    team 8: factor=0.959  yoy_avg=-4.1%  n=8
    team 9: factor=1.000  yoy_avg=+0.2%  n=8
    team 10: factor=0.999  yoy_avg=-0.1%  n=8
    team 11: factor=1.000  yoy_avg=+0.0%  n=0
    team 12: factor=0.851  yoy_avg=-14.9%  n=8
    team 13: factor=1.000  yoy_avg=+0.3%  n=8
    team 16: factor=0.954  yoy_avg=-4.6%  n=8
    team 17: factor=0.740  yoy_avg=-26.0%  n=8
    team 18: factor=1.000  yoy_avg=+13.2%  n=8
  main loop...
  forecasts generados: 15,613
[HM_SI_local] cutoff=2026-05-17  version=HM_SI_LOCAL_v3_46_MIRROR_v0_1
  cargando cache desde C:\Users\sanhu\Odoo\proyectos\2026-05-27-harness-local\cache...
  ABCXYZ context: 2,029 SKUs
  filas POS: 581,848
  target_week=2026-05-18  iso_week=21
  price_corr context: 786 productos con factor
  construyendo series weekly (window corta SMA)...
  pares (team, sku): 15,695  semanas: 26
  construyendo series weekly (window larga para lifecycle)...
  semanas largas: 104
  construyendo SI dicts...
  SI local_categ (team,categ): 698  categ_global: 65  SKUs: 1,665
  computando fair_share_ctx...
    sku_qty_per_sala: 15,745
    categ_qty_per_sala: 718
  computando trend factors por team (YoY asimetrico)...
    team 5: factor=0.832  yoy_avg=-16.8%  n=8
    team 6: factor=0.798  yoy_avg=-20.2%  n=8
    team 7: factor=0.770  yoy_avg=-23.0%  n=8
    team 8: factor=0.956  yoy_avg=-4.4%  n=8
    team 9: factor=0.997  yoy_avg=-0.3%  n=8
    team 10: factor=0.988  yoy_avg=-1.2%  n=8
    team 11: factor=1.000  yoy_avg=+0.0%  n=0
    team 12: factor=0.852  yoy_avg=-14.8%  n=8
    team 13: factor=1.000  yoy_avg=+5.5%  n=8
    team 16: factor=0.943  yoy_avg=-5.7%  n=8
    team 17: factor=0.725  yoy_avg=-27.5%  n=8
    team 18: factor=1.000  yoy_avg=+10.5%  n=8
  main loop...
  forecasts generados: 15,689
  [  5/20]  WAPE=71.01  REG-1=56.93 OK  REG-2=119.86  REG-4=155.88  REG-7=132.38  REG-8=54.85  BIAS=+9.45  [133s]  | SI_CEIL=6.0, SI_SKU_ADJ_ALPHA_HIGH=0.4, SI_MIN_YEARS_FOR_SKU=2
[HM_SI_local] cutoff=2026-05-03  version=HM_SI_LOCAL_v3_46_MIRROR_v0_1
  cargando cache desde C:\Users\sanhu\Odoo\proyectos\2026-05-27-harness-local\cache...
  ABCXYZ context: 2,029 SKUs
  filas POS: 581,848
  target_week=2026-05-04  iso_week=19
  price_corr context: 735 productos con factor
  construyendo series weekly (window corta SMA)...
  pares (team, sku): 15,630  semanas: 26
  construyendo series weekly (window larga para lifecycle)...
  semanas largas: 104
  construyendo SI dicts...
  SI local_categ (team,categ): 694  categ_global: 65  SKUs: 1,646
  computando fair_share_ctx...
    sku_qty_per_sala: 15,700
    categ_qty_per_sala: 716
  computando trend factors por team (YoY asimetrico)...
    team 5: factor=0.814  yoy_avg=-18.6%  n=8
    team 6: factor=0.825  yoy_avg=-17.5%  n=8
    team 7: factor=0.788  yoy_avg=-21.2%  n=8
    team 8: factor=0.958  yoy_avg=-4.2%  n=8
    team 9: factor=1.000  yoy_avg=+2.3%  n=8
    team 10: factor=1.000  yoy_avg=+3.3%  n=8
    team 11: factor=1.000  yoy_avg=+0.0%  n=0
    team 12: factor=0.870  yoy_avg=-13.0%  n=8
    team 13: factor=0.976  yoy_avg=-2.4%  n=8
    team 16: factor=0.967  yoy_avg=-3.3%  n=8
    team 17: factor=0.774  yoy_avg=-22.6%  n=8
    team 18: factor=1.000  yoy_avg=+17.5%  n=8
  main loop...
  forecasts generados: 15,625
[HM_SI_local] cutoff=2026-05-10  version=HM_SI_LOCAL_v3_46_MIRROR_v0_1
  cargando cache desde C:\Users\sanhu\Odoo\proyectos\2026-05-27-harness-local\cache...
  ABCXYZ context: 2,029 SKUs
  filas POS: 581,848
  target_week=2026-05-11  iso_week=20
  price_corr context: 768 productos con factor
  construyendo series weekly (window corta SMA)...
  pares (team, sku): 15,619  semanas: 26
  construyendo series weekly (window larga para lifecycle)...
  semanas largas: 104
  construyendo SI dicts...
  SI local_categ (team,categ): 696  categ_global: 65  SKUs: 1,646
  computando fair_share_ctx...
    sku_qty_per_sala: 15,668
    categ_qty_per_sala: 716
  computando trend factors por team (YoY asimetrico)...
    team 5: factor=0.813  yoy_avg=-18.7%  n=8
    team 6: factor=0.802  yoy_avg=-19.8%  n=8
    team 7: factor=0.763  yoy_avg=-23.7%  n=8
    team 8: factor=0.959  yoy_avg=-4.1%  n=8
    team 9: factor=1.000  yoy_avg=+0.2%  n=8
    team 10: factor=0.999  yoy_avg=-0.1%  n=8
    team 11: factor=1.000  yoy_avg=+0.0%  n=0
    team 12: factor=0.851  yoy_avg=-14.9%  n=8
    team 13: factor=1.000  yoy_avg=+0.3%  n=8
    team 16: factor=0.954  yoy_avg=-4.6%  n=8
    team 17: factor=0.740  yoy_avg=-26.0%  n=8
    team 18: factor=1.000  yoy_avg=+13.2%  n=8
  main loop...
  forecasts generados: 15,613
[HM_SI_local] cutoff=2026-05-17  version=HM_SI_LOCAL_v3_46_MIRROR_v0_1
  cargando cache desde C:\Users\sanhu\Odoo\proyectos\2026-05-27-harness-local\cache...
  ABCXYZ context: 2,029 SKUs
  filas POS: 581,848
  target_week=2026-05-18  iso_week=21
  price_corr context: 786 productos con factor
  construyendo series weekly (window corta SMA)...
  pares (team, sku): 15,695  semanas: 26
  construyendo series weekly (window larga para lifecycle)...
  semanas largas: 104
  construyendo SI dicts...
  SI local_categ (team,categ): 698  categ_global: 65  SKUs: 1,665
  computando fair_share_ctx...
    sku_qty_per_sala: 15,745
    categ_qty_per_sala: 718
  computando trend factors por team (YoY asimetrico)...
    team 5: factor=0.832  yoy_avg=-16.8%  n=8
    team 6: factor=0.798  yoy_avg=-20.2%  n=8
    team 7: factor=0.770  yoy_avg=-23.0%  n=8
    team 8: factor=0.956  yoy_avg=-4.4%  n=8
    team 9: factor=0.997  yoy_avg=-0.3%  n=8
    team 10: factor=0.988  yoy_avg=-1.2%  n=8
    team 11: factor=1.000  yoy_avg=+0.0%  n=0
    team 12: factor=0.852  yoy_avg=-14.8%  n=8
    team 13: factor=1.000  yoy_avg=+5.5%  n=8
    team 16: factor=0.943  yoy_avg=-5.7%  n=8
    team 17: factor=0.725  yoy_avg=-27.5%  n=8
    team 18: factor=1.000  yoy_avg=+10.5%  n=8
  main loop...
  forecasts generados: 15,689
  [  6/20]  WAPE=71.14  REG-1=57.11 OK  REG-2=120.08  REG-4=154.91  REG-7=132.85  REG-8=54.78  BIAS=+9.71  [133s]  | SI_CEIL=4.0, SI_SKU_ADJ_ALPHA_HIGH=0.5, SI_MIN_YEARS_FOR_SKU=3
[HM_SI_local] cutoff=2026-05-03  version=HM_SI_LOCAL_v3_46_MIRROR_v0_1
  cargando cache desde C:\Users\sanhu\Odoo\proyectos\2026-05-27-harness-local\cache...
  ABCXYZ context: 2,029 SKUs
  filas POS: 581,848
  target_week=2026-05-04  iso_week=19
  price_corr context: 735 productos con factor
  construyendo series weekly (window corta SMA)...
  pares (team, sku): 15,630  semanas: 26
  construyendo series weekly (window larga para lifecycle)...
  semanas largas: 104
  construyendo SI dicts...
  SI local_categ (team,categ): 694  categ_global: 65  SKUs: 1,646
  computando fair_share_ctx...
    sku_qty_per_sala: 15,700
    categ_qty_per_sala: 716
  computando trend factors por team (YoY asimetrico)...
    team 5: factor=0.814  yoy_avg=-18.6%  n=8
    team 6: factor=0.825  yoy_avg=-17.5%  n=8
    team 7: factor=0.788  yoy_avg=-21.2%  n=8
    team 8: factor=0.958  yoy_avg=-4.2%  n=8
    team 9: factor=1.000  yoy_avg=+2.3%  n=8
    team 10: factor=1.000  yoy_avg=+3.3%  n=8
    team 11: factor=1.000  yoy_avg=+0.0%  n=0
    team 12: factor=0.870  yoy_avg=-13.0%  n=8
    team 13: factor=0.976  yoy_avg=-2.4%  n=8
    team 16: factor=0.967  yoy_avg=-3.3%  n=8
    team 17: factor=0.774  yoy_avg=-22.6%  n=8
    team 18: factor=1.000  yoy_avg=+17.5%  n=8
  main loop...
  forecasts generados: 15,625
[HM_SI_local] cutoff=2026-05-10  version=HM_SI_LOCAL_v3_46_MIRROR_v0_1
  cargando cache desde C:\Users\sanhu\Odoo\proyectos\2026-05-27-harness-local\cache...
  ABCXYZ context: 2,029 SKUs
  filas POS: 581,848
  target_week=2026-05-11  iso_week=20
  price_corr context: 768 productos con factor
  construyendo series weekly (window corta SMA)...
  pares (team, sku): 15,619  semanas: 26
  construyendo series weekly (window larga para lifecycle)...
  semanas largas: 104
  construyendo SI dicts...
  SI local_categ (team,categ): 696  categ_global: 65  SKUs: 1,646
  computando fair_share_ctx...
    sku_qty_per_sala: 15,668
    categ_qty_per_sala: 716
  computando trend factors por team (YoY asimetrico)...
    team 5: factor=0.813  yoy_avg=-18.7%  n=8
    team 6: factor=0.802  yoy_avg=-19.8%  n=8
    team 7: factor=0.763  yoy_avg=-23.7%  n=8
    team 8: factor=0.959  yoy_avg=-4.1%  n=8
    team 9: factor=1.000  yoy_avg=+0.2%  n=8
    team 10: factor=0.999  yoy_avg=-0.1%  n=8
    team 11: factor=1.000  yoy_avg=+0.0%  n=0
    team 12: factor=0.851  yoy_avg=-14.9%  n=8
    team 13: factor=1.000  yoy_avg=+0.3%  n=8
    team 16: factor=0.954  yoy_avg=-4.6%  n=8
    team 17: factor=0.740  yoy_avg=-26.0%  n=8
    team 18: factor=1.000  yoy_avg=+13.2%  n=8
  main loop...
  forecasts generados: 15,613
[HM_SI_local] cutoff=2026-05-17  version=HM_SI_LOCAL_v3_46_MIRROR_v0_1
  cargando cache desde C:\Users\sanhu\Odoo\proyectos\2026-05-27-harness-local\cache...
  ABCXYZ context: 2,029 SKUs
  filas POS: 581,848
  target_week=2026-05-18  iso_week=21
  price_corr context: 786 productos con factor
  construyendo series weekly (window corta SMA)...
  pares (team, sku): 15,695  semanas: 26
  construyendo series weekly (window larga para lifecycle)...
  semanas largas: 104
  construyendo SI dicts...
  SI local_categ (team,categ): 698  categ_global: 65  SKUs: 1,665
  computando fair_share_ctx...
    sku_qty_per_sala: 15,745
    categ_qty_per_sala: 718
  computando trend factors por team (YoY asimetrico)...
    team 5: factor=0.832  yoy_avg=-16.8%  n=8
    team 6: factor=0.798  yoy_avg=-20.2%  n=8
    team 7: factor=0.770  yoy_avg=-23.0%  n=8
    team 8: factor=0.956  yoy_avg=-4.4%  n=8
    team 9: factor=0.997  yoy_avg=-0.3%  n=8
    team 10: factor=0.988  yoy_avg=-1.2%  n=8
    team 11: factor=1.000  yoy_avg=+0.0%  n=0
    team 12: factor=0.852  yoy_avg=-14.8%  n=8
    team 13: factor=1.000  yoy_avg=+5.5%  n=8
    team 16: factor=0.943  yoy_avg=-5.7%  n=8
    team 17: factor=0.725  yoy_avg=-27.5%  n=8
    team 18: factor=1.000  yoy_avg=+10.5%  n=8
  main loop...
  forecasts generados: 15,689
  [  7/20]  WAPE=70.84  REG-1=56.74 OK  REG-2=119.81  REG-4=155.06  REG-7=132.55  REG-8=54.73  BIAS=+9.48  [133s]  | SI_CEIL=5.0, SI_SKU_ADJ_ALPHA_HIGH=0.3, SI_MIN_YEARS_FOR_SKU=2
[HM_SI_local] cutoff=2026-05-03  version=HM_SI_LOCAL_v3_46_MIRROR_v0_1
  cargando cache desde C:\Users\sanhu\Odoo\proyectos\2026-05-27-harness-local\cache...
  ABCXYZ context: 2,029 SKUs
  filas POS: 581,848
  target_week=2026-05-04  iso_week=19
  price_corr context: 735 productos con factor
  construyendo series weekly (window corta SMA)...
  pares (team, sku): 15,630  semanas: 26
  construyendo series weekly (window larga para lifecycle)...
  semanas largas: 104
  construyendo SI dicts...
  SI local_categ (team,categ): 694  categ_global: 65  SKUs: 1,646
  computando fair_share_ctx...
    sku_qty_per_sala: 15,700
    categ_qty_per_sala: 716
  computando trend factors por team (YoY asimetrico)...
    team 5: factor=0.814  yoy_avg=-18.6%  n=8
    team 6: factor=0.825  yoy_avg=-17.5%  n=8
    team 7: factor=0.788  yoy_avg=-21.2%  n=8
    team 8: factor=0.958  yoy_avg=-4.2%  n=8
    team 9: factor=1.000  yoy_avg=+2.3%  n=8
    team 10: factor=1.000  yoy_avg=+3.3%  n=8
    team 11: factor=1.000  yoy_avg=+0.0%  n=0
    team 12: factor=0.870  yoy_avg=-13.0%  n=8
    team 13: factor=0.976  yoy_avg=-2.4%  n=8
    team 16: factor=0.967  yoy_avg=-3.3%  n=8
    team 17: factor=0.774  yoy_avg=-22.6%  n=8
    team 18: factor=1.000  yoy_avg=+17.5%  n=8
  main loop...
  forecasts generados: 15,625
[HM_SI_local] cutoff=2026-05-10  version=HM_SI_LOCAL_v3_46_MIRROR_v0_1
  cargando cache desde C:\Users\sanhu\Odoo\proyectos\2026-05-27-harness-local\cache...
  ABCXYZ context: 2,029 SKUs
  filas POS: 581,848
  target_week=2026-05-11  iso_week=20
  price_corr context: 768 productos con factor
  construyendo series weekly (window corta SMA)...
  pares (team, sku): 15,619  semanas: 26
  construyendo series weekly (window larga para lifecycle)...
  semanas largas: 104
  construyendo SI dicts...
  SI local_categ (team,categ): 696  categ_global: 65  SKUs: 1,646
  computando fair_share_ctx...
    sku_qty_per_sala: 15,668
    categ_qty_per_sala: 716
  computando trend factors por team (YoY asimetrico)...
    team 5: factor=0.813  yoy_avg=-18.7%  n=8
    team 6: factor=0.802  yoy_avg=-19.8%  n=8
    team 7: factor=0.763  yoy_avg=-23.7%  n=8
    team 8: factor=0.959  yoy_avg=-4.1%  n=8
    team 9: factor=1.000  yoy_avg=+0.2%  n=8
    team 10: factor=0.999  yoy_avg=-0.1%  n=8
    team 11: factor=1.000  yoy_avg=+0.0%  n=0
    team 12: factor=0.851  yoy_avg=-14.9%  n=8
    team 13: factor=1.000  yoy_avg=+0.3%  n=8
    team 16: factor=0.954  yoy_avg=-4.6%  n=8
    team 17: factor=0.740  yoy_avg=-26.0%  n=8
    team 18: factor=1.000  yoy_avg=+13.2%  n=8
  main loop...
  forecasts generados: 15,613
[HM_SI_local] cutoff=2026-05-17  version=HM_SI_LOCAL_v3_46_MIRROR_v0_1
  cargando cache desde C:\Users\sanhu\Odoo\proyectos\2026-05-27-harness-local\cache...
  ABCXYZ context: 2,029 SKUs
  filas POS: 581,848
  target_week=2026-05-18  iso_week=21
  price_corr context: 786 productos con factor
  construyendo series weekly (window corta SMA)...
  pares (team, sku): 15,695  semanas: 26
  construyendo series weekly (window larga para lifecycle)...
  semanas largas: 104
  construyendo SI dicts...
  SI local_categ (team,categ): 698  categ_global: 65  SKUs: 1,665
  computando fair_share_ctx...
    sku_qty_per_sala: 15,745
    categ_qty_per_sala: 718
  computando trend factors por team (YoY asimetrico)...
    team 5: factor=0.832  yoy_avg=-16.8%  n=8
    team 6: factor=0.798  yoy_avg=-20.2%  n=8
    team 7: factor=0.770  yoy_avg=-23.0%  n=8
    team 8: factor=0.956  yoy_avg=-4.4%  n=8
    team 9: factor=0.997  yoy_avg=-0.3%  n=8
    team 10: factor=0.988  yoy_avg=-1.2%  n=8
    team 11: factor=1.000  yoy_avg=+0.0%  n=0
    team 12: factor=0.852  yoy_avg=-14.8%  n=8
    team 13: factor=1.000  yoy_avg=+5.5%  n=8
    team 16: factor=0.943  yoy_avg=-5.7%  n=8
    team 17: factor=0.725  yoy_avg=-27.5%  n=8
    team 18: factor=1.000  yoy_avg=+10.5%  n=8
  main loop...
  forecasts generados: 15,689
  [  8/20]  WAPE=70.62  REG-1=56.44 OK  REG-2=119.79  REG-4=154.78  REG-7=133.34  REG-8=54.64  BIAS=+9.41  [133s]  | SI_CEIL=5.0, SI_SKU_ADJ_ALPHA_HIGH=0.2, SI_MIN_YEARS_FOR_SKU=2
[HM_SI_local] cutoff=2026-05-03  version=HM_SI_LOCAL_v3_46_MIRROR_v0_1
  cargando cache desde C:\Users\sanhu\Odoo\proyectos\2026-05-27-harness-local\cache...
  ABCXYZ context: 2,029 SKUs
  filas POS: 581,848
  target_week=2026-05-04  iso_week=19
  price_corr context: 735 productos con factor
  construyendo series weekly (window corta SMA)...
  pares (team, sku): 15,630  semanas: 26
  construyendo series weekly (window larga para lifecycle)...
  semanas largas: 104
  construyendo SI dicts...
  SI local_categ (team,categ): 694  categ_global: 65  SKUs: 1,646
  computando fair_share_ctx...
    sku_qty_per_sala: 15,700
    categ_qty_per_sala: 716
  computando trend factors por team (YoY asimetrico)...
    team 5: factor=0.814  yoy_avg=-18.6%  n=8
    team 6: factor=0.825  yoy_avg=-17.5%  n=8
    team 7: factor=0.788  yoy_avg=-21.2%  n=8
    team 8: factor=0.958  yoy_avg=-4.2%  n=8
    team 9: factor=1.000  yoy_avg=+2.3%  n=8
    team 10: factor=1.000  yoy_avg=+3.3%  n=8
    team 11: factor=1.000  yoy_avg=+0.0%  n=0
    team 12: factor=0.870  yoy_avg=-13.0%  n=8
    team 13: factor=0.976  yoy_avg=-2.4%  n=8
    team 16: factor=0.967  yoy_avg=-3.3%  n=8
    team 17: factor=0.774  yoy_avg=-22.6%  n=8
    team 18: factor=1.000  yoy_avg=+17.5%  n=8
  main loop...
  forecasts generados: 15,625
[HM_SI_local] cutoff=2026-05-10  version=HM_SI_LOCAL_v3_46_MIRROR_v0_1
  cargando cache desde C:\Users\sanhu\Odoo\proyectos\2026-05-27-harness-local\cache...
  ABCXYZ context: 2,029 SKUs
  filas POS: 581,848
  target_week=2026-05-11  iso_week=20
  price_corr context: 768 productos con factor
  construyendo series weekly (window corta SMA)...
  pares (team, sku): 15,619  semanas: 26
  construyendo series weekly (window larga para lifecycle)...
  semanas largas: 104
  construyendo SI dicts...
  SI local_categ (team,categ): 696  categ_global: 65  SKUs: 1,646
  computando fair_share_ctx...
    sku_qty_per_sala: 15,668
    categ_qty_per_sala: 716
  computando trend factors por team (YoY asimetrico)...
    team 5: factor=0.813  yoy_avg=-18.7%  n=8
    team 6: factor=0.802  yoy_avg=-19.8%  n=8
    team 7: factor=0.763  yoy_avg=-23.7%  n=8
    team 8: factor=0.959  yoy_avg=-4.1%  n=8
    team 9: factor=1.000  yoy_avg=+0.2%  n=8
    team 10: factor=0.999  yoy_avg=-0.1%  n=8
    team 11: factor=1.000  yoy_avg=+0.0%  n=0
    team 12: factor=0.851  yoy_avg=-14.9%  n=8
    team 13: factor=1.000  yoy_avg=+0.3%  n=8
    team 16: factor=0.954  yoy_avg=-4.6%  n=8
    team 17: factor=0.740  yoy_avg=-26.0%  n=8
    team 18: factor=1.000  yoy_avg=+13.2%  n=8
  main loop...
  forecasts generados: 15,613
[HM_SI_local] cutoff=2026-05-17  version=HM_SI_LOCAL_v3_46_MIRROR_v0_1
  cargando cache desde C:\Users\sanhu\Odoo\proyectos\2026-05-27-harness-local\cache...
  ABCXYZ context: 2,029 SKUs
  filas POS: 581,848
  target_week=2026-05-18  iso_week=21
  price_corr context: 786 productos con factor
  construyendo series weekly (window corta SMA)...
  pares (team, sku): 15,695  semanas: 26
  construyendo series weekly (window larga para lifecycle)...
  semanas largas: 104
  construyendo SI dicts...
  SI local_categ (team,categ): 698  categ_global: 65  SKUs: 1,665
  computando fair_share_ctx...
    sku_qty_per_sala: 15,745
    categ_qty_per_sala: 718
  computando trend factors por team (YoY asimetrico)...
    team 5: factor=0.832  yoy_avg=-16.8%  n=8
    team 6: factor=0.798  yoy_avg=-20.2%  n=8
    team 7: factor=0.770  yoy_avg=-23.0%  n=8
    team 8: factor=0.956  yoy_avg=-4.4%  n=8
    team 9: factor=0.997  yoy_avg=-0.3%  n=8
    team 10: factor=0.988  yoy_avg=-1.2%  n=8
    team 11: factor=1.000  yoy_avg=+0.0%  n=0
    team 12: factor=0.852  yoy_avg=-14.8%  n=8
    team 13: factor=1.000  yoy_avg=+5.5%  n=8
    team 16: factor=0.943  yoy_avg=-5.7%  n=8
    team 17: factor=0.725  yoy_avg=-27.5%  n=8
    team 18: factor=1.000  yoy_avg=+10.5%  n=8
  main loop...
  forecasts generados: 15,689
  [  9/20]  WAPE=70.64  REG-1=56.45 OK  REG-2=119.76  REG-4=154.94  REG-7=133.55  REG-8=54.65  BIAS=+9.44  [133s]  | SI_CEIL=6.0, SI_SKU_ADJ_ALPHA_HIGH=0.2, SI_MIN_YEARS_FOR_SKU=3
[HM_SI_local] cutoff=2026-05-03  version=HM_SI_LOCAL_v3_46_MIRROR_v0_1
  cargando cache desde C:\Users\sanhu\Odoo\proyectos\2026-05-27-harness-local\cache...
  ABCXYZ context: 2,029 SKUs
  filas POS: 581,848
  target_week=2026-05-04  iso_week=19
  price_corr context: 735 productos con factor
  construyendo series weekly (window corta SMA)...
  pares (team, sku): 15,630  semanas: 26
  construyendo series weekly (window larga para lifecycle)...
  semanas largas: 104
  construyendo SI dicts...
  SI local_categ (team,categ): 694  categ_global: 65  SKUs: 1,646
  computando fair_share_ctx...
    sku_qty_per_sala: 15,700
    categ_qty_per_sala: 716
  computando trend factors por team (YoY asimetrico)...
    team 5: factor=0.814  yoy_avg=-18.6%  n=8
    team 6: factor=0.825  yoy_avg=-17.5%  n=8
    team 7: factor=0.788  yoy_avg=-21.2%  n=8
    team 8: factor=0.958  yoy_avg=-4.2%  n=8
    team 9: factor=1.000  yoy_avg=+2.3%  n=8
    team 10: factor=1.000  yoy_avg=+3.3%  n=8
    team 11: factor=1.000  yoy_avg=+0.0%  n=0
    team 12: factor=0.870  yoy_avg=-13.0%  n=8
    team 13: factor=0.976  yoy_avg=-2.4%  n=8
    team 16: factor=0.967  yoy_avg=-3.3%  n=8
    team 17: factor=0.774  yoy_avg=-22.6%  n=8
    team 18: factor=1.000  yoy_avg=+17.5%  n=8
  main loop...
  forecasts generados: 15,625
[HM_SI_local] cutoff=2026-05-10  version=HM_SI_LOCAL_v3_46_MIRROR_v0_1
  cargando cache desde C:\Users\sanhu\Odoo\proyectos\2026-05-27-harness-local\cache...
  ABCXYZ context: 2,029 SKUs
  filas POS: 581,848
  target_week=2026-05-11  iso_week=20
  price_corr context: 768 productos con factor
  construyendo series weekly (window corta SMA)...
  pares (team, sku): 15,619  semanas: 26
  construyendo series weekly (window larga para lifecycle)...
  semanas largas: 104
  construyendo SI dicts...
  SI local_categ (team,categ): 696  categ_global: 65  SKUs: 1,646
  computando fair_share_ctx...
    sku_qty_per_sala: 15,668
    categ_qty_per_sala: 716
  computando trend factors por team (YoY asimetrico)...
    team 5: factor=0.813  yoy_avg=-18.7%  n=8
    team 6: factor=0.802  yoy_avg=-19.8%  n=8
    team 7: factor=0.763  yoy_avg=-23.7%  n=8
    team 8: factor=0.959  yoy_avg=-4.1%  n=8
    team 9: factor=1.000  yoy_avg=+0.2%  n=8
    team 10: factor=0.999  yoy_avg=-0.1%  n=8
    team 11: factor=1.000  yoy_avg=+0.0%  n=0
    team 12: factor=0.851  yoy_avg=-14.9%  n=8
    team 13: factor=1.000  yoy_avg=+0.3%  n=8
    team 16: factor=0.954  yoy_avg=-4.6%  n=8
    team 17: factor=0.740  yoy_avg=-26.0%  n=8
    team 18: factor=1.000  yoy_avg=+13.2%  n=8
  main loop...
  forecasts generados: 15,613
[HM_SI_local] cutoff=2026-05-17  version=HM_SI_LOCAL_v3_46_MIRROR_v0_1
  cargando cache desde C:\Users\sanhu\Odoo\proyectos\2026-05-27-harness-local\cache...
  ABCXYZ context: 2,029 SKUs
  filas POS: 581,848
  target_week=2026-05-18  iso_week=21
  price_corr context: 786 productos con factor
  construyendo series weekly (window corta SMA)...
  pares (team, sku): 15,695  semanas: 26
  construyendo series weekly (window larga para lifecycle)...
  semanas largas: 104
  construyendo SI dicts...
  SI local_categ (team,categ): 698  categ_global: 65  SKUs: 1,665
  computando fair_share_ctx...
    sku_qty_per_sala: 15,745
    categ_qty_per_sala: 718
  computando trend factors por team (YoY asimetrico)...
    team 5: factor=0.832  yoy_avg=-16.8%  n=8
    team 6: factor=0.798  yoy_avg=-20.2%  n=8
    team 7: factor=0.770  yoy_avg=-23.0%  n=8
    team 8: factor=0.956  yoy_avg=-4.4%  n=8
    team 9: factor=0.997  yoy_avg=-0.3%  n=8
    team 10: factor=0.988  yoy_avg=-1.2%  n=8
    team 11: factor=1.000  yoy_avg=+0.0%  n=0
    team 12: factor=0.852  yoy_avg=-14.8%  n=8
    team 13: factor=1.000  yoy_avg=+5.5%  n=8
    team 16: factor=0.943  yoy_avg=-5.7%  n=8
    team 17: factor=0.725  yoy_avg=-27.5%  n=8
    team 18: factor=1.000  yoy_avg=+10.5%  n=8
  main loop...
  forecasts generados: 15,689
  [ 10/20]  WAPE=71.01  REG-1=56.93 OK  REG-2=119.86  REG-4=155.88  REG-7=132.38  REG-8=54.85  BIAS=+9.45  [133s]  | SI_CEIL=5.0, SI_SKU_ADJ_ALPHA_HIGH=0.4, SI_MIN_YEARS_FOR_SKU=2
[HM_SI_local] cutoff=2026-05-03  version=HM_SI_LOCAL_v3_46_MIRROR_v0_1
  cargando cache desde C:\Users\sanhu\Odoo\proyectos\2026-05-27-harness-local\cache...
  ABCXYZ context: 2,029 SKUs
  filas POS: 581,848
  target_week=2026-05-04  iso_week=19
  price_corr context: 735 productos con factor
  construyendo series weekly (window corta SMA)...
  pares (team, sku): 15,630  semanas: 26
  construyendo series weekly (window larga para lifecycle)...
  semanas largas: 104
  construyendo SI dicts...
  SI local_categ (team,categ): 694  categ_global: 65  SKUs: 1,646
  computando fair_share_ctx...
    sku_qty_per_sala: 15,700
    categ_qty_per_sala: 716
  computando trend factors por team (YoY asimetrico)...
    team 5: factor=0.814  yoy_avg=-18.6%  n=8
    team 6: factor=0.825  yoy_avg=-17.5%  n=8
    team 7: factor=0.788  yoy_avg=-21.2%  n=8
    team 8: factor=0.958  yoy_avg=-4.2%  n=8
    team 9: factor=1.000  yoy_avg=+2.3%  n=8
    team 10: factor=1.000  yoy_avg=+3.3%  n=8
    team 11: factor=1.000  yoy_avg=+0.0%  n=0
    team 12: factor=0.870  yoy_avg=-13.0%  n=8
    team 13: factor=0.976  yoy_avg=-2.4%  n=8
    team 16: factor=0.967  yoy_avg=-3.3%  n=8
    team 17: factor=0.774  yoy_avg=-22.6%  n=8
    team 18: factor=1.000  yoy_avg=+17.5%  n=8
  main loop...
  forecasts generados: 15,625
[HM_SI_local] cutoff=2026-05-10  version=HM_SI_LOCAL_v3_46_MIRROR_v0_1
  cargando cache desde C:\Users\sanhu\Odoo\proyectos\2026-05-27-harness-local\cache...
  ABCXYZ context: 2,029 SKUs
  filas POS: 581,848
  target_week=2026-05-11  iso_week=20
  price_corr context: 768 productos con factor
  construyendo series weekly (window corta SMA)...
  pares (team, sku): 15,619  semanas: 26
  construyendo series weekly (window larga para lifecycle)...
  semanas largas: 104
  construyendo SI dicts...
  SI local_categ (team,categ): 696  categ_global: 65  SKUs: 1,646
  computando fair_share_ctx...
    sku_qty_per_sala: 15,668
    categ_qty_per_sala: 716
  computando trend factors por team (YoY asimetrico)...
    team 5: factor=0.813  yoy_avg=-18.7%  n=8
    team 6: factor=0.802  yoy_avg=-19.8%  n=8
    team 7: factor=0.763  yoy_avg=-23.7%  n=8
    team 8: factor=0.959  yoy_avg=-4.1%  n=8
    team 9: factor=1.000  yoy_avg=+0.2%  n=8
    team 10: factor=0.999  yoy_avg=-0.1%  n=8
    team 11: factor=1.000  yoy_avg=+0.0%  n=0
    team 12: factor=0.851  yoy_avg=-14.9%  n=8
    team 13: factor=1.000  yoy_avg=+0.3%  n=8
    team 16: factor=0.954  yoy_avg=-4.6%  n=8
    team 17: factor=0.740  yoy_avg=-26.0%  n=8
    team 18: factor=1.000  yoy_avg=+13.2%  n=8
  main loop...
  forecasts generados: 15,613
[HM_SI_local] cutoff=2026-05-17  version=HM_SI_LOCAL_v3_46_MIRROR_v0_1
  cargando cache desde C:\Users\sanhu\Odoo\proyectos\2026-05-27-harness-local\cache...
  ABCXYZ context: 2,029 SKUs
  filas POS: 581,848
  target_week=2026-05-18  iso_week=21
  price_corr context: 786 productos con factor
  construyendo series weekly (window corta SMA)...
  pares (team, sku): 15,695  semanas: 26
  construyendo series weekly (window larga para lifecycle)...
  semanas largas: 104
  construyendo SI dicts...
  SI local_categ (team,categ): 698  categ_global: 65  SKUs: 1,665
  computando fair_share_ctx...
    sku_qty_per_sala: 15,745
    categ_qty_per_sala: 718
  computando trend factors por team (YoY asimetrico)...
    team 5: factor=0.832  yoy_avg=-16.8%  n=8
    team 6: factor=0.798  yoy_avg=-20.2%  n=8
    team 7: factor=0.770  yoy_avg=-23.0%  n=8
    team 8: factor=0.956  yoy_avg=-4.4%  n=8
    team 9: factor=0.997  yoy_avg=-0.3%  n=8
    team 10: factor=0.988  yoy_avg=-1.2%  n=8
    team 11: factor=1.000  yoy_avg=+0.0%  n=0
    team 12: factor=0.852  yoy_avg=-14.8%  n=8
    team 13: factor=1.000  yoy_avg=+5.5%  n=8
    team 16: factor=0.943  yoy_avg=-5.7%  n=8
    team 17: factor=0.725  yoy_avg=-27.5%  n=8
    team 18: factor=1.000  yoy_avg=+10.5%  n=8
  main loop...
  forecasts generados: 15,689
  [ 11/20]  WAPE=70.86  REG-1=56.80 OK  REG-2=119.81  REG-4=154.72  REG-7=132.79  REG-8=54.30  BIAS=+9.84  [133s]  | SI_CEIL=3.0, SI_SKU_ADJ_ALPHA_HIGH=0.4, SI_MIN_YEARS_FOR_SKU=3
[HM_SI_local] cutoff=2026-05-03  version=HM_SI_LOCAL_v3_46_MIRROR_v0_1
  cargando cache desde C:\Users\sanhu\Odoo\proyectos\2026-05-27-harness-local\cache...
  ABCXYZ context: 2,029 SKUs
  filas POS: 581,848
  target_week=2026-05-04  iso_week=19
  price_corr context: 735 productos con factor
  construyendo series weekly (window corta SMA)...
  pares (team, sku): 15,630  semanas: 26
  construyendo series weekly (window larga para lifecycle)...
  semanas largas: 104
  construyendo SI dicts...
  SI local_categ (team,categ): 694  categ_global: 65  SKUs: 1,646
  computando fair_share_ctx...
    sku_qty_per_sala: 15,700
    categ_qty_per_sala: 716
  computando trend factors por team (YoY asimetrico)...
    team 5: factor=0.814  yoy_avg=-18.6%  n=8
    team 6: factor=0.825  yoy_avg=-17.5%  n=8
    team 7: factor=0.788  yoy_avg=-21.2%  n=8
    team 8: factor=0.958  yoy_avg=-4.2%  n=8
    team 9: factor=1.000  yoy_avg=+2.3%  n=8
    team 10: factor=1.000  yoy_avg=+3.3%  n=8
    team 11: factor=1.000  yoy_avg=+0.0%  n=0
    team 12: factor=0.870  yoy_avg=-13.0%  n=8
    team 13: factor=0.976  yoy_avg=-2.4%  n=8
    team 16: factor=0.967  yoy_avg=-3.3%  n=8
    team 17: factor=0.774  yoy_avg=-22.6%  n=8
    team 18: factor=1.000  yoy_avg=+17.5%  n=8
  main loop...
  forecasts generados: 15,625
[HM_SI_local] cutoff=2026-05-10  version=HM_SI_LOCAL_v3_46_MIRROR_v0_1
  cargando cache desde C:\Users\sanhu\Odoo\proyectos\2026-05-27-harness-local\cache...
  ABCXYZ context: 2,029 SKUs
  filas POS: 581,848
  target_week=2026-05-11  iso_week=20
  price_corr context: 768 productos con factor
  construyendo series weekly (window corta SMA)...
  pares (team, sku): 15,619  semanas: 26
  construyendo series weekly (window larga para lifecycle)...
  semanas largas: 104
  construyendo SI dicts...
  SI local_categ (team,categ): 696  categ_global: 65  SKUs: 1,646
  computando fair_share_ctx...
    sku_qty_per_sala: 15,668
    categ_qty_per_sala: 716
  computando trend factors por team (YoY asimetrico)...
    team 5: factor=0.813  yoy_avg=-18.7%  n=8
    team 6: factor=0.802  yoy_avg=-19.8%  n=8
    team 7: factor=0.763  yoy_avg=-23.7%  n=8
    team 8: factor=0.959  yoy_avg=-4.1%  n=8
    team 9: factor=1.000  yoy_avg=+0.2%  n=8
    team 10: factor=0.999  yoy_avg=-0.1%  n=8
    team 11: factor=1.000  yoy_avg=+0.0%  n=0
    team 12: factor=0.851  yoy_avg=-14.9%  n=8
    team 13: factor=1.000  yoy_avg=+0.3%  n=8
    team 16: factor=0.954  yoy_avg=-4.6%  n=8
    team 17: factor=0.740  yoy_avg=-26.0%  n=8
    team 18: factor=1.000  yoy_avg=+13.2%  n=8
  main loop...
  forecasts generados: 15,613
[HM_SI_local] cutoff=2026-05-17  version=HM_SI_LOCAL_v3_46_MIRROR_v0_1
  cargando cache desde C:\Users\sanhu\Odoo\proyectos\2026-05-27-harness-local\cache...
  ABCXYZ context: 2,029 SKUs
  filas POS: 581,848
  target_week=2026-05-18  iso_week=21
  price_corr context: 786 productos con factor
  construyendo series weekly (window corta SMA)...
  pares (team, sku): 15,695  semanas: 26
  construyendo series weekly (window larga para lifecycle)...
  semanas largas: 104
  construyendo SI dicts...
  SI local_categ (team,categ): 698  categ_global: 65  SKUs: 1,665
  computando fair_share_ctx...
    sku_qty_per_sala: 15,745
    categ_qty_per_sala: 718
  computando trend factors por team (YoY asimetrico)...
    team 5: factor=0.832  yoy_avg=-16.8%  n=8
    team 6: factor=0.798  yoy_avg=-20.2%  n=8
    team 7: factor=0.770  yoy_avg=-23.0%  n=8
    team 8: factor=0.956  yoy_avg=-4.4%  n=8
    team 9: factor=0.997  yoy_avg=-0.3%  n=8
    team 10: factor=0.988  yoy_avg=-1.2%  n=8
    team 11: factor=1.000  yoy_avg=+0.0%  n=0
    team 12: factor=0.852  yoy_avg=-14.8%  n=8
    team 13: factor=1.000  yoy_avg=+5.5%  n=8
    team 16: factor=0.943  yoy_avg=-5.7%  n=8
    team 17: factor=0.725  yoy_avg=-27.5%  n=8
    team 18: factor=1.000  yoy_avg=+10.5%  n=8
  main loop...
  forecasts generados: 15,689
  [ 12/20]  WAPE=70.61  REG-1=56.42 OK  REG-2=119.79  REG-4=154.78  REG-7=133.34  REG-8=54.64  BIAS=+9.43  [133s]  | SI_CEIL=4.0, SI_SKU_ADJ_ALPHA_HIGH=0.2, SI_MIN_YEARS_FOR_SKU=2
[HM_SI_local] cutoff=2026-05-03  version=HM_SI_LOCAL_v3_46_MIRROR_v0_1
  cargando cache desde C:\Users\sanhu\Odoo\proyectos\2026-05-27-harness-local\cache...
  ABCXYZ context: 2,029 SKUs
  filas POS: 581,848
  target_week=2026-05-04  iso_week=19
  price_corr context: 735 productos con factor
  construyendo series weekly (window corta SMA)...
  pares (team, sku): 15,630  semanas: 26
  construyendo series weekly (window larga para lifecycle)...
  semanas largas: 104
  construyendo SI dicts...
  SI local_categ (team,categ): 694  categ_global: 65  SKUs: 1,646
  computando fair_share_ctx...
    sku_qty_per_sala: 15,700
    categ_qty_per_sala: 716
  computando trend factors por team (YoY asimetrico)...
    team 5: factor=0.814  yoy_avg=-18.6%  n=8
    team 6: factor=0.825  yoy_avg=-17.5%  n=8
    team 7: factor=0.788  yoy_avg=-21.2%  n=8
    team 8: factor=0.958  yoy_avg=-4.2%  n=8
    team 9: factor=1.000  yoy_avg=+2.3%  n=8
    team 10: factor=1.000  yoy_avg=+3.3%  n=8
    team 11: factor=1.000  yoy_avg=+0.0%  n=0
    team 12: factor=0.870  yoy_avg=-13.0%  n=8
    team 13: factor=0.976  yoy_avg=-2.4%  n=8
    team 16: factor=0.967  yoy_avg=-3.3%  n=8
    team 17: factor=0.774  yoy_avg=-22.6%  n=8
    team 18: factor=1.000  yoy_avg=+17.5%  n=8
  main loop...
  forecasts generados: 15,625
[HM_SI_local] cutoff=2026-05-10  version=HM_SI_LOCAL_v3_46_MIRROR_v0_1
  cargando cache desde C:\Users\sanhu\Odoo\proyectos\2026-05-27-harness-local\cache...
  ABCXYZ context: 2,029 SKUs
  filas POS: 581,848
  target_week=2026-05-11  iso_week=20
  price_corr context: 768 productos con factor
  construyendo series weekly (window corta SMA)...
  pares (team, sku): 15,619  semanas: 26
  construyendo series weekly (window larga para lifecycle)...
  semanas largas: 104
  construyendo SI dicts...
  SI local_categ (team,categ): 696  categ_global: 65  SKUs: 1,646
  computando fair_share_ctx...
    sku_qty_per_sala: 15,668
    categ_qty_per_sala: 716
  computando trend factors por team (YoY asimetrico)...
    team 5: factor=0.813  yoy_avg=-18.7%  n=8
    team 6: factor=0.802  yoy_avg=-19.8%  n=8
    team 7: factor=0.763  yoy_avg=-23.7%  n=8
    team 8: factor=0.959  yoy_avg=-4.1%  n=8
    team 9: factor=1.000  yoy_avg=+0.2%  n=8
    team 10: factor=0.999  yoy_avg=-0.1%  n=8
    team 11: factor=1.000  yoy_avg=+0.0%  n=0
    team 12: factor=0.851  yoy_avg=-14.9%  n=8
    team 13: factor=1.000  yoy_avg=+0.3%  n=8
    team 16: factor=0.954  yoy_avg=-4.6%  n=8
    team 17: factor=0.740  yoy_avg=-26.0%  n=8
    team 18: factor=1.000  yoy_avg=+13.2%  n=8
  main loop...
  forecasts generados: 15,613
[HM_SI_local] cutoff=2026-05-17  version=HM_SI_LOCAL_v3_46_MIRROR_v0_1
  cargando cache desde C:\Users\sanhu\Odoo\proyectos\2026-05-27-harness-local\cache...
  ABCXYZ context: 2,029 SKUs
  filas POS: 581,848
  target_week=2026-05-18  iso_week=21
  price_corr context: 786 productos con factor
  construyendo series weekly (window corta SMA)...
  pares (team, sku): 15,695  semanas: 26
  construyendo series weekly (window larga para lifecycle)...
  semanas largas: 104
  construyendo SI dicts...
  SI local_categ (team,categ): 698  categ_global: 65  SKUs: 1,665
  computando fair_share_ctx...
    sku_qty_per_sala: 15,745
    categ_qty_per_sala: 718
  computando trend factors por team (YoY asimetrico)...
    team 5: factor=0.832  yoy_avg=-16.8%  n=8
    team 6: factor=0.798  yoy_avg=-20.2%  n=8
    team 7: factor=0.770  yoy_avg=-23.0%  n=8
    team 8: factor=0.956  yoy_avg=-4.4%  n=8
    team 9: factor=0.997  yoy_avg=-0.3%  n=8
    team 10: factor=0.988  yoy_avg=-1.2%  n=8
    team 11: factor=1.000  yoy_avg=+0.0%  n=0
    team 12: factor=0.852  yoy_avg=-14.8%  n=8
    team 13: factor=1.000  yoy_avg=+5.5%  n=8
    team 16: factor=0.943  yoy_avg=-5.7%  n=8
    team 17: factor=0.725  yoy_avg=-27.5%  n=8
    team 18: factor=1.000  yoy_avg=+10.5%  n=8
  main loop...
  forecasts generados: 15,689
  [ 13/20]  WAPE=71.01  REG-1=56.93 OK  REG-2=119.86  REG-4=155.88  REG-7=132.38  REG-8=54.85  BIAS=+9.44  [133s]  | SI_CEIL=4.0, SI_SKU_ADJ_ALPHA_HIGH=0.4, SI_MIN_YEARS_FOR_SKU=2
[HM_SI_local] cutoff=2026-05-03  version=HM_SI_LOCAL_v3_46_MIRROR_v0_1
  cargando cache desde C:\Users\sanhu\Odoo\proyectos\2026-05-27-harness-local\cache...
  ABCXYZ context: 2,029 SKUs
  filas POS: 581,848
  target_week=2026-05-04  iso_week=19
  price_corr context: 735 productos con factor
  construyendo series weekly (window corta SMA)...
  pares (team, sku): 15,630  semanas: 26
  construyendo series weekly (window larga para lifecycle)...
  semanas largas: 104
  construyendo SI dicts...
  SI local_categ (team,categ): 694  categ_global: 65  SKUs: 1,646
  computando fair_share_ctx...
    sku_qty_per_sala: 15,700
    categ_qty_per_sala: 716
  computando trend factors por team (YoY asimetrico)...
    team 5: factor=0.814  yoy_avg=-18.6%  n=8
    team 6: factor=0.825  yoy_avg=-17.5%  n=8
    team 7: factor=0.788  yoy_avg=-21.2%  n=8
    team 8: factor=0.958  yoy_avg=-4.2%  n=8
    team 9: factor=1.000  yoy_avg=+2.3%  n=8
    team 10: factor=1.000  yoy_avg=+3.3%  n=8
    team 11: factor=1.000  yoy_avg=+0.0%  n=0
    team 12: factor=0.870  yoy_avg=-13.0%  n=8
    team 13: factor=0.976  yoy_avg=-2.4%  n=8
    team 16: factor=0.967  yoy_avg=-3.3%  n=8
    team 17: factor=0.774  yoy_avg=-22.6%  n=8
    team 18: factor=1.000  yoy_avg=+17.5%  n=8
  main loop...
  forecasts generados: 15,625
[HM_SI_local] cutoff=2026-05-10  version=HM_SI_LOCAL_v3_46_MIRROR_v0_1
  cargando cache desde C:\Users\sanhu\Odoo\proyectos\2026-05-27-harness-local\cache...
  ABCXYZ context: 2,029 SKUs
  filas POS: 581,848
  target_week=2026-05-11  iso_week=20
  price_corr context: 768 productos con factor
  construyendo series weekly (window corta SMA)...
  pares (team, sku): 15,619  semanas: 26
  construyendo series weekly (window larga para lifecycle)...
  semanas largas: 104
  construyendo SI dicts...
  SI local_categ (team,categ): 696  categ_global: 65  SKUs: 1,646
  computando fair_share_ctx...
    sku_qty_per_sala: 15,668
    categ_qty_per_sala: 716
  computando trend factors por team (YoY asimetrico)...
    team 5: factor=0.813  yoy_avg=-18.7%  n=8
    team 6: factor=0.802  yoy_avg=-19.8%  n=8
    team 7: factor=0.763  yoy_avg=-23.7%  n=8
    team 8: factor=0.959  yoy_avg=-4.1%  n=8
    team 9: factor=1.000  yoy_avg=+0.2%  n=8
    team 10: factor=0.999  yoy_avg=-0.1%  n=8
    team 11: factor=1.000  yoy_avg=+0.0%  n=0
    team 12: factor=0.851  yoy_avg=-14.9%  n=8
    team 13: factor=1.000  yoy_avg=+0.3%  n=8
    team 16: factor=0.954  yoy_avg=-4.6%  n=8
    team 17: factor=0.740  yoy_avg=-26.0%  n=8
    team 18: factor=1.000  yoy_avg=+13.2%  n=8
  main loop...
  forecasts generados: 15,613
[HM_SI_local] cutoff=2026-05-17  version=HM_SI_LOCAL_v3_46_MIRROR_v0_1
  cargando cache desde C:\Users\sanhu\Odoo\proyectos\2026-05-27-harness-local\cache...
  ABCXYZ context: 2,029 SKUs
  filas POS: 581,848
  target_week=2026-05-18  iso_week=21
  price_corr context: 786 productos con factor
  construyendo series weekly (window corta SMA)...
  pares (team, sku): 15,695  semanas: 26
  construyendo series weekly (window larga para lifecycle)...
  semanas largas: 104
  construyendo SI dicts...
  SI local_categ (team,categ): 698  categ_global: 65  SKUs: 1,665
  computando fair_share_ctx...
    sku_qty_per_sala: 15,745
    categ_qty_per_sala: 718
  computando trend factors por team (YoY asimetrico)...
    team 5: factor=0.832  yoy_avg=-16.8%  n=8
    team 6: factor=0.798  yoy_avg=-20.2%  n=8
    team 7: factor=0.770  yoy_avg=-23.0%  n=8
    team 8: factor=0.956  yoy_avg=-4.4%  n=8
    team 9: factor=0.997  yoy_avg=-0.3%  n=8
    team 10: factor=0.988  yoy_avg=-1.2%  n=8
    team 11: factor=1.000  yoy_avg=+0.0%  n=0
    team 12: factor=0.852  yoy_avg=-14.8%  n=8
    team 13: factor=1.000  yoy_avg=+5.5%  n=8
    team 16: factor=0.943  yoy_avg=-5.7%  n=8
    team 17: factor=0.725  yoy_avg=-27.5%  n=8
    team 18: factor=1.000  yoy_avg=+10.5%  n=8
  main loop...
  forecasts generados: 15,689
  [ 14/20]  WAPE=70.62  REG-1=56.43 OK  REG-2=119.76  REG-4=154.94  REG-7=133.55  REG-8=54.63  BIAS=+9.46  [133s]  | SI_CEIL=4.0, SI_SKU_ADJ_ALPHA_HIGH=0.2, SI_MIN_YEARS_FOR_SKU=3
[HM_SI_local] cutoff=2026-05-03  version=HM_SI_LOCAL_v3_46_MIRROR_v0_1
  cargando cache desde C:\Users\sanhu\Odoo\proyectos\2026-05-27-harness-local\cache...
  ABCXYZ context: 2,029 SKUs
  filas POS: 581,848
  target_week=2026-05-04  iso_week=19
  price_corr context: 735 productos con factor
  construyendo series weekly (window corta SMA)...
  pares (team, sku): 15,630  semanas: 26
  construyendo series weekly (window larga para lifecycle)...
  semanas largas: 104
  construyendo SI dicts...
  SI local_categ (team,categ): 694  categ_global: 65  SKUs: 1,646
  computando fair_share_ctx...
    sku_qty_per_sala: 15,700
    categ_qty_per_sala: 716
  computando trend factors por team (YoY asimetrico)...
    team 5: factor=0.814  yoy_avg=-18.6%  n=8
    team 6: factor=0.825  yoy_avg=-17.5%  n=8
    team 7: factor=0.788  yoy_avg=-21.2%  n=8
    team 8: factor=0.958  yoy_avg=-4.2%  n=8
    team 9: factor=1.000  yoy_avg=+2.3%  n=8
    team 10: factor=1.000  yoy_avg=+3.3%  n=8
    team 11: factor=1.000  yoy_avg=+0.0%  n=0
    team 12: factor=0.870  yoy_avg=-13.0%  n=8
    team 13: factor=0.976  yoy_avg=-2.4%  n=8
    team 16: factor=0.967  yoy_avg=-3.3%  n=8
    team 17: factor=0.774  yoy_avg=-22.6%  n=8
    team 18: factor=1.000  yoy_avg=+17.5%  n=8
  main loop...
  forecasts generados: 15,625
[HM_SI_local] cutoff=2026-05-10  version=HM_SI_LOCAL_v3_46_MIRROR_v0_1
  cargando cache desde C:\Users\sanhu\Odoo\proyectos\2026-05-27-harness-local\cache...
  ABCXYZ context: 2,029 SKUs
  filas POS: 581,848
  target_week=2026-05-11  iso_week=20
  price_corr context: 768 productos con factor
  construyendo series weekly (window corta SMA)...
  pares (team, sku): 15,619  semanas: 26
  construyendo series weekly (window larga para lifecycle)...
  semanas largas: 104
  construyendo SI dicts...
  SI local_categ (team,categ): 696  categ_global: 65  SKUs: 1,646
  computando fair_share_ctx...
    sku_qty_per_sala: 15,668
    categ_qty_per_sala: 716
  computando trend factors por team (YoY asimetrico)...
    team 5: factor=0.813  yoy_avg=-18.7%  n=8
    team 6: factor=0.802  yoy_avg=-19.8%  n=8
    team 7: factor=0.763  yoy_avg=-23.7%  n=8
    team 8: factor=0.959  yoy_avg=-4.1%  n=8
    team 9: factor=1.000  yoy_avg=+0.2%  n=8
    team 10: factor=0.999  yoy_avg=-0.1%  n=8
    team 11: factor=1.000  yoy_avg=+0.0%  n=0
    team 12: factor=0.851  yoy_avg=-14.9%  n=8
    team 13: factor=1.000  yoy_avg=+0.3%  n=8
    team 16: factor=0.954  yoy_avg=-4.6%  n=8
    team 17: factor=0.740  yoy_avg=-26.0%  n=8
    team 18: factor=1.000  yoy_avg=+13.2%  n=8
  main loop...
  forecasts generados: 15,613
[HM_SI_local] cutoff=2026-05-17  version=HM_SI_LOCAL_v3_46_MIRROR_v0_1
  cargando cache desde C:\Users\sanhu\Odoo\proyectos\2026-05-27-harness-local\cache...
  ABCXYZ context: 2,029 SKUs
  filas POS: 581,848
  target_week=2026-05-18  iso_week=21
  price_corr context: 786 productos con factor
  construyendo series weekly (window corta SMA)...
  pares (team, sku): 15,695  semanas: 26
  construyendo series weekly (window larga para lifecycle)...
  semanas largas: 104
  construyendo SI dicts...
  SI local_categ (team,categ): 698  categ_global: 65  SKUs: 1,665
  computando fair_share_ctx...
    sku_qty_per_sala: 15,745
    categ_qty_per_sala: 718
  computando trend factors por team (YoY asimetrico)...
    team 5: factor=0.832  yoy_avg=-16.8%  n=8
    team 6: factor=0.798  yoy_avg=-20.2%  n=8
    team 7: factor=0.770  yoy_avg=-23.0%  n=8
    team 8: factor=0.956  yoy_avg=-4.4%  n=8
    team 9: factor=0.997  yoy_avg=-0.3%  n=8
    team 10: factor=0.988  yoy_avg=-1.2%  n=8
    team 11: factor=1.000  yoy_avg=+0.0%  n=0
    team 12: factor=0.852  yoy_avg=-14.8%  n=8
    team 13: factor=1.000  yoy_avg=+5.5%  n=8
    team 16: factor=0.943  yoy_avg=-5.7%  n=8
    team 17: factor=0.725  yoy_avg=-27.5%  n=8
    team 18: factor=1.000  yoy_avg=+10.5%  n=8
  main loop...
  forecasts generados: 15,689
  [ 15/20]  WAPE=71.14  REG-1=57.11 OK  REG-2=120.08  REG-4=154.91  REG-7=132.85  REG-8=54.79  BIAS=+9.71  [134s]  | SI_CEIL=5.0, SI_SKU_ADJ_ALPHA_HIGH=0.5, SI_MIN_YEARS_FOR_SKU=3
[HM_SI_local] cutoff=2026-05-03  version=HM_SI_LOCAL_v3_46_MIRROR_v0_1
  cargando cache desde C:\Users\sanhu\Odoo\proyectos\2026-05-27-harness-local\cache...
  ABCXYZ context: 2,029 SKUs
  filas POS: 581,848
  target_week=2026-05-04  iso_week=19
  price_corr context: 735 productos con factor
  construyendo series weekly (window corta SMA)...
  pares (team, sku): 15,630  semanas: 26
  construyendo series weekly (window larga para lifecycle)...
  semanas largas: 104
  construyendo SI dicts...
  SI local_categ (team,categ): 694  categ_global: 65  SKUs: 1,646
  computando fair_share_ctx...
    sku_qty_per_sala: 15,700
    categ_qty_per_sala: 716
  computando trend factors por team (YoY asimetrico)...
    team 5: factor=0.814  yoy_avg=-18.6%  n=8
    team 6: factor=0.825  yoy_avg=-17.5%  n=8
    team 7: factor=0.788  yoy_avg=-21.2%  n=8
    team 8: factor=0.958  yoy_avg=-4.2%  n=8
    team 9: factor=1.000  yoy_avg=+2.3%  n=8
    team 10: factor=1.000  yoy_avg=+3.3%  n=8
    team 11: factor=1.000  yoy_avg=+0.0%  n=0
    team 12: factor=0.870  yoy_avg=-13.0%  n=8
    team 13: factor=0.976  yoy_avg=-2.4%  n=8
    team 16: factor=0.967  yoy_avg=-3.3%  n=8
    team 17: factor=0.774  yoy_avg=-22.6%  n=8
    team 18: factor=1.000  yoy_avg=+17.5%  n=8
  main loop...
  forecasts generados: 15,625
[HM_SI_local] cutoff=2026-05-10  version=HM_SI_LOCAL_v3_46_MIRROR_v0_1
  cargando cache desde C:\Users\sanhu\Odoo\proyectos\2026-05-27-harness-local\cache...
  ABCXYZ context: 2,029 SKUs
  filas POS: 581,848
  target_week=2026-05-11  iso_week=20
  price_corr context: 768 productos con factor
  construyendo series weekly (window corta SMA)...
  pares (team, sku): 15,619  semanas: 26
  construyendo series weekly (window larga para lifecycle)...
  semanas largas: 104
  construyendo SI dicts...
  SI local_categ (team,categ): 696  categ_global: 65  SKUs: 1,646
  computando fair_share_ctx...
    sku_qty_per_sala: 15,668
    categ_qty_per_sala: 716
  computando trend factors por team (YoY asimetrico)...
    team 5: factor=0.813  yoy_avg=-18.7%  n=8
    team 6: factor=0.802  yoy_avg=-19.8%  n=8
    team 7: factor=0.763  yoy_avg=-23.7%  n=8
    team 8: factor=0.959  yoy_avg=-4.1%  n=8
    team 9: factor=1.000  yoy_avg=+0.2%  n=8
    team 10: factor=0.999  yoy_avg=-0.1%  n=8
    team 11: factor=1.000  yoy_avg=+0.0%  n=0
    team 12: factor=0.851  yoy_avg=-14.9%  n=8
    team 13: factor=1.000  yoy_avg=+0.3%  n=8
    team 16: factor=0.954  yoy_avg=-4.6%  n=8
    team 17: factor=0.740  yoy_avg=-26.0%  n=8
    team 18: factor=1.000  yoy_avg=+13.2%  n=8
  main loop...
  forecasts generados: 15,613
[HM_SI_local] cutoff=2026-05-17  version=HM_SI_LOCAL_v3_46_MIRROR_v0_1
  cargando cache desde C:\Users\sanhu\Odoo\proyectos\2026-05-27-harness-local\cache...
  ABCXYZ context: 2,029 SKUs
  filas POS: 581,848
  target_week=2026-05-18  iso_week=21
  price_corr context: 786 productos con factor
  construyendo series weekly (window corta SMA)...
  pares (team, sku): 15,695  semanas: 26
  construyendo series weekly (window larga para lifecycle)...
  semanas largas: 104
  construyendo SI dicts...
  SI local_categ (team,categ): 698  categ_global: 65  SKUs: 1,665
  computando fair_share_ctx...
    sku_qty_per_sala: 15,745
    categ_qty_per_sala: 718
  computando trend factors por team (YoY asimetrico)...
    team 5: factor=0.832  yoy_avg=-16.8%  n=8
    team 6: factor=0.798  yoy_avg=-20.2%  n=8
    team 7: factor=0.770  yoy_avg=-23.0%  n=8
    team 8: factor=0.956  yoy_avg=-4.4%  n=8
    team 9: factor=0.997  yoy_avg=-0.3%  n=8
    team 10: factor=0.988  yoy_avg=-1.2%  n=8
    team 11: factor=1.000  yoy_avg=+0.0%  n=0
    team 12: factor=0.852  yoy_avg=-14.8%  n=8
    team 13: factor=1.000  yoy_avg=+5.5%  n=8
    team 16: factor=0.943  yoy_avg=-5.7%  n=8
    team 17: factor=0.725  yoy_avg=-27.5%  n=8
    team 18: factor=1.000  yoy_avg=+10.5%  n=8
  main loop...
  forecasts generados: 15,689
  [ 16/20]  WAPE=70.93  REG-1=56.87 OK  REG-2=119.80  REG-4=154.78  REG-7=132.79  REG-8=54.73  BIAS=+9.70  [133s]  | SI_CEIL=4.0, SI_SKU_ADJ_ALPHA_HIGH=0.4, SI_MIN_YEARS_FOR_SKU=3
[HM_SI_local] cutoff=2026-05-03  version=HM_SI_LOCAL_v3_46_MIRROR_v0_1
  cargando cache desde C:\Users\sanhu\Odoo\proyectos\2026-05-27-harness-local\cache...
  ABCXYZ context: 2,029 SKUs
  filas POS: 581,848
  target_week=2026-05-04  iso_week=19
  price_corr context: 735 productos con factor
  construyendo series weekly (window corta SMA)...
  pares (team, sku): 15,630  semanas: 26
  construyendo series weekly (window larga para lifecycle)...
  semanas largas: 104
  construyendo SI dicts...
  SI local_categ (team,categ): 694  categ_global: 65  SKUs: 1,646
  computando fair_share_ctx...
    sku_qty_per_sala: 15,700
    categ_qty_per_sala: 716
  computando trend factors por team (YoY asimetrico)...
    team 5: factor=0.814  yoy_avg=-18.6%  n=8
    team 6: factor=0.825  yoy_avg=-17.5%  n=8
    team 7: factor=0.788  yoy_avg=-21.2%  n=8
    team 8: factor=0.958  yoy_avg=-4.2%  n=8
    team 9: factor=1.000  yoy_avg=+2.3%  n=8
    team 10: factor=1.000  yoy_avg=+3.3%  n=8
    team 11: factor=1.000  yoy_avg=+0.0%  n=0
    team 12: factor=0.870  yoy_avg=-13.0%  n=8
    team 13: factor=0.976  yoy_avg=-2.4%  n=8
    team 16: factor=0.967  yoy_avg=-3.3%  n=8
    team 17: factor=0.774  yoy_avg=-22.6%  n=8
    team 18: factor=1.000  yoy_avg=+17.5%  n=8
  main loop...
  forecasts generados: 15,625
[HM_SI_local] cutoff=2026-05-10  version=HM_SI_LOCAL_v3_46_MIRROR_v0_1
  cargando cache desde C:\Users\sanhu\Odoo\proyectos\2026-05-27-harness-local\cache...
  ABCXYZ context: 2,029 SKUs
  filas POS: 581,848
  target_week=2026-05-11  iso_week=20
  price_corr context: 768 productos con factor
  construyendo series weekly (window corta SMA)...
  pares (team, sku): 15,619  semanas: 26
  construyendo series weekly (window larga para lifecycle)...
  semanas largas: 104
  construyendo SI dicts...
  SI local_categ (team,categ): 696  categ_global: 65  SKUs: 1,646
  computando fair_share_ctx...
    sku_qty_per_sala: 15,668
    categ_qty_per_sala: 716
  computando trend factors por team (YoY asimetrico)...
    team 5: factor=0.813  yoy_avg=-18.7%  n=8
    team 6: factor=0.802  yoy_avg=-19.8%  n=8
    team 7: factor=0.763  yoy_avg=-23.7%  n=8
    team 8: factor=0.959  yoy_avg=-4.1%  n=8
    team 9: factor=1.000  yoy_avg=+0.2%  n=8
    team 10: factor=0.999  yoy_avg=-0.1%  n=8
    team 11: factor=1.000  yoy_avg=+0.0%  n=0
    team 12: factor=0.851  yoy_avg=-14.9%  n=8
    team 13: factor=1.000  yoy_avg=+0.3%  n=8
    team 16: factor=0.954  yoy_avg=-4.6%  n=8
    team 17: factor=0.740  yoy_avg=-26.0%  n=8
    team 18: factor=1.000  yoy_avg=+13.2%  n=8
  main loop...
  forecasts generados: 15,613
[HM_SI_local] cutoff=2026-05-17  version=HM_SI_LOCAL_v3_46_MIRROR_v0_1
  cargando cache desde C:\Users\sanhu\Odoo\proyectos\2026-05-27-harness-local\cache...
  ABCXYZ context: 2,029 SKUs
  filas POS: 581,848
  target_week=2026-05-18  iso_week=21
  price_corr context: 786 productos con factor
  construyendo series weekly (window corta SMA)...
  pares (team, sku): 15,695  semanas: 26
  construyendo series weekly (window larga para lifecycle)...
  semanas largas: 104
  construyendo SI dicts...
  SI local_categ (team,categ): 698  categ_global: 65  SKUs: 1,665
  computando fair_share_ctx...
    sku_qty_per_sala: 15,745
    categ_qty_per_sala: 718
  computando trend factors por team (YoY asimetrico)...
    team 5: factor=0.832  yoy_avg=-16.8%  n=8
    team 6: factor=0.798  yoy_avg=-20.2%  n=8
    team 7: factor=0.770  yoy_avg=-23.0%  n=8
    team 8: factor=0.956  yoy_avg=-4.4%  n=8
    team 9: factor=0.997  yoy_avg=-0.3%  n=8
    team 10: factor=0.988  yoy_avg=-1.2%  n=8
    team 11: factor=1.000  yoy_avg=+0.0%  n=0
    team 12: factor=0.852  yoy_avg=-14.8%  n=8
    team 13: factor=1.000  yoy_avg=+5.5%  n=8
    team 16: factor=0.943  yoy_avg=-5.7%  n=8
    team 17: factor=0.725  yoy_avg=-27.5%  n=8
    team 18: factor=1.000  yoy_avg=+10.5%  n=8
  main loop...
  forecasts generados: 15,689
  [ 17/20]  WAPE=71.14  REG-1=57.11 OK  REG-2=120.08  REG-4=154.91  REG-7=132.86  REG-8=54.79  BIAS=+9.71  [133s]  | SI_CEIL=6.0, SI_SKU_ADJ_ALPHA_HIGH=0.5, SI_MIN_YEARS_FOR_SKU=3
[HM_SI_local] cutoff=2026-05-03  version=HM_SI_LOCAL_v3_46_MIRROR_v0_1
  cargando cache desde C:\Users\sanhu\Odoo\proyectos\2026-05-27-harness-local\cache...
  ABCXYZ context: 2,029 SKUs
  filas POS: 581,848
  target_week=2026-05-04  iso_week=19
  price_corr context: 735 productos con factor
  construyendo series weekly (window corta SMA)...
  pares (team, sku): 15,630  semanas: 26
  construyendo series weekly (window larga para lifecycle)...
  semanas largas: 104
  construyendo SI dicts...
  SI local_categ (team,categ): 694  categ_global: 65  SKUs: 1,646
  computando fair_share_ctx...
    sku_qty_per_sala: 15,700
    categ_qty_per_sala: 716
  computando trend factors por team (YoY asimetrico)...
    team 5: factor=0.814  yoy_avg=-18.6%  n=8
    team 6: factor=0.825  yoy_avg=-17.5%  n=8
    team 7: factor=0.788  yoy_avg=-21.2%  n=8
    team 8: factor=0.958  yoy_avg=-4.2%  n=8
    team 9: factor=1.000  yoy_avg=+2.3%  n=8
    team 10: factor=1.000  yoy_avg=+3.3%  n=8
    team 11: factor=1.000  yoy_avg=+0.0%  n=0
    team 12: factor=0.870  yoy_avg=-13.0%  n=8
    team 13: factor=0.976  yoy_avg=-2.4%  n=8
    team 16: factor=0.967  yoy_avg=-3.3%  n=8
    team 17: factor=0.774  yoy_avg=-22.6%  n=8
    team 18: factor=1.000  yoy_avg=+17.5%  n=8
  main loop...
  forecasts generados: 15,625
[HM_SI_local] cutoff=2026-05-10  version=HM_SI_LOCAL_v3_46_MIRROR_v0_1
  cargando cache desde C:\Users\sanhu\Odoo\proyectos\2026-05-27-harness-local\cache...
  ABCXYZ context: 2,029 SKUs
  filas POS: 581,848
  target_week=2026-05-11  iso_week=20
  price_corr context: 768 productos con factor
  construyendo series weekly (window corta SMA)...
  pares (team, sku): 15,619  semanas: 26
  construyendo series weekly (window larga para lifecycle)...
  semanas largas: 104
  construyendo SI dicts...
  SI local_categ (team,categ): 696  categ_global: 65  SKUs: 1,646
  computando fair_share_ctx...
    sku_qty_per_sala: 15,668
    categ_qty_per_sala: 716
  computando trend factors por team (YoY asimetrico)...
    team 5: factor=0.813  yoy_avg=-18.7%  n=8
    team 6: factor=0.802  yoy_avg=-19.8%  n=8
    team 7: factor=0.763  yoy_avg=-23.7%  n=8
    team 8: factor=0.959  yoy_avg=-4.1%  n=8
    team 9: factor=1.000  yoy_avg=+0.2%  n=8
    team 10: factor=0.999  yoy_avg=-0.1%  n=8
    team 11: factor=1.000  yoy_avg=+0.0%  n=0
    team 12: factor=0.851  yoy_avg=-14.9%  n=8
    team 13: factor=1.000  yoy_avg=+0.3%  n=8
    team 16: factor=0.954  yoy_avg=-4.6%  n=8
    team 17: factor=0.740  yoy_avg=-26.0%  n=8
    team 18: factor=1.000  yoy_avg=+13.2%  n=8
  main loop...
  forecasts generados: 15,613
[HM_SI_local] cutoff=2026-05-17  version=HM_SI_LOCAL_v3_46_MIRROR_v0_1
  cargando cache desde C:\Users\sanhu\Odoo\proyectos\2026-05-27-harness-local\cache...
  ABCXYZ context: 2,029 SKUs
  filas POS: 581,848
  target_week=2026-05-18  iso_week=21
  price_corr context: 786 productos con factor
  construyendo series weekly (window corta SMA)...
  pares (team, sku): 15,695  semanas: 26
  construyendo series weekly (window larga para lifecycle)...
  semanas largas: 104
  construyendo SI dicts...
  SI local_categ (team,categ): 698  categ_global: 65  SKUs: 1,665
  computando fair_share_ctx...
    sku_qty_per_sala: 15,745
    categ_qty_per_sala: 718
  computando trend factors por team (YoY asimetrico)...
    team 5: factor=0.832  yoy_avg=-16.8%  n=8
    team 6: factor=0.798  yoy_avg=-20.2%  n=8
    team 7: factor=0.770  yoy_avg=-23.0%  n=8
    team 8: factor=0.956  yoy_avg=-4.4%  n=8
    team 9: factor=0.997  yoy_avg=-0.3%  n=8
    team 10: factor=0.988  yoy_avg=-1.2%  n=8
    team 11: factor=1.000  yoy_avg=+0.0%  n=0
    team 12: factor=0.852  yoy_avg=-14.8%  n=8
    team 13: factor=1.000  yoy_avg=+5.5%  n=8
    team 16: factor=0.943  yoy_avg=-5.7%  n=8
    team 17: factor=0.725  yoy_avg=-27.5%  n=8
    team 18: factor=1.000  yoy_avg=+10.5%  n=8
  main loop...
  forecasts generados: 15,689
  [ 18/20]  WAPE=71.37  REG-1=57.21 X  REG-2=120.18  REG-4=159.91  REG-7=131.93  REG-8=55.04  BIAS=+9.19  [133s]  | SI_CEIL=5.0, SI_SKU_ADJ_ALPHA_HIGH=0.5, SI_MIN_YEARS_FOR_SKU=2
[HM_SI_local] cutoff=2026-05-03  version=HM_SI_LOCAL_v3_46_MIRROR_v0_1
  cargando cache desde C:\Users\sanhu\Odoo\proyectos\2026-05-27-harness-local\cache...
  ABCXYZ context: 2,029 SKUs
  filas POS: 581,848
  target_week=2026-05-04  iso_week=19
  price_corr context: 735 productos con factor
  construyendo series weekly (window corta SMA)...
  pares (team, sku): 15,630  semanas: 26
  construyendo series weekly (window larga para lifecycle)...
  semanas largas: 104
  construyendo SI dicts...
  SI local_categ (team,categ): 694  categ_global: 65  SKUs: 1,646
  computando fair_share_ctx...
    sku_qty_per_sala: 15,700
    categ_qty_per_sala: 716
  computando trend factors por team (YoY asimetrico)...
    team 5: factor=0.814  yoy_avg=-18.6%  n=8
    team 6: factor=0.825  yoy_avg=-17.5%  n=8
    team 7: factor=0.788  yoy_avg=-21.2%  n=8
    team 8: factor=0.958  yoy_avg=-4.2%  n=8
    team 9: factor=1.000  yoy_avg=+2.3%  n=8
    team 10: factor=1.000  yoy_avg=+3.3%  n=8
    team 11: factor=1.000  yoy_avg=+0.0%  n=0
    team 12: factor=0.870  yoy_avg=-13.0%  n=8
    team 13: factor=0.976  yoy_avg=-2.4%  n=8
    team 16: factor=0.967  yoy_avg=-3.3%  n=8
    team 17: factor=0.774  yoy_avg=-22.6%  n=8
    team 18: factor=1.000  yoy_avg=+17.5%  n=8
  main loop...
  forecasts generados: 15,625
[HM_SI_local] cutoff=2026-05-10  version=HM_SI_LOCAL_v3_46_MIRROR_v0_1
  cargando cache desde C:\Users\sanhu\Odoo\proyectos\2026-05-27-harness-local\cache...
  ABCXYZ context: 2,029 SKUs
  filas POS: 581,848
  target_week=2026-05-11  iso_week=20
  price_corr context: 768 productos con factor
  construyendo series weekly (window corta SMA)...
  pares (team, sku): 15,619  semanas: 26
  construyendo series weekly (window larga para lifecycle)...
  semanas largas: 104
  construyendo SI dicts...
  SI local_categ (team,categ): 696  categ_global: 65  SKUs: 1,646
  computando fair_share_ctx...
    sku_qty_per_sala: 15,668
    categ_qty_per_sala: 716
  computando trend factors por team (YoY asimetrico)...
    team 5: factor=0.813  yoy_avg=-18.7%  n=8
    team 6: factor=0.802  yoy_avg=-19.8%  n=8
    team 7: factor=0.763  yoy_avg=-23.7%  n=8
    team 8: factor=0.959  yoy_avg=-4.1%  n=8
    team 9: factor=1.000  yoy_avg=+0.2%  n=8
    team 10: factor=0.999  yoy_avg=-0.1%  n=8
    team 11: factor=1.000  yoy_avg=+0.0%  n=0
    team 12: factor=0.851  yoy_avg=-14.9%  n=8
    team 13: factor=1.000  yoy_avg=+0.3%  n=8
    team 16: factor=0.954  yoy_avg=-4.6%  n=8
    team 17: factor=0.740  yoy_avg=-26.0%  n=8
    team 18: factor=1.000  yoy_avg=+13.2%  n=8
  main loop...
  forecasts generados: 15,613
[HM_SI_local] cutoff=2026-05-17  version=HM_SI_LOCAL_v3_46_MIRROR_v0_1
  cargando cache desde C:\Users\sanhu\Odoo\proyectos\2026-05-27-harness-local\cache...
  ABCXYZ context: 2,029 SKUs
  filas POS: 581,848
  target_week=2026-05-18  iso_week=21
  price_corr context: 786 productos con factor
  construyendo series weekly (window corta SMA)...
  pares (team, sku): 15,695  semanas: 26
  construyendo series weekly (window larga para lifecycle)...
  semanas largas: 104
  construyendo SI dicts...
  SI local_categ (team,categ): 698  categ_global: 65  SKUs: 1,665
  computando fair_share_ctx...
    sku_qty_per_sala: 15,745
    categ_qty_per_sala: 718
  computando trend factors por team (YoY asimetrico)...
    team 5: factor=0.832  yoy_avg=-16.8%  n=8
    team 6: factor=0.798  yoy_avg=-20.2%  n=8
    team 7: factor=0.770  yoy_avg=-23.0%  n=8
    team 8: factor=0.956  yoy_avg=-4.4%  n=8
    team 9: factor=0.997  yoy_avg=-0.3%  n=8
    team 10: factor=0.988  yoy_avg=-1.2%  n=8
    team 11: factor=1.000  yoy_avg=+0.0%  n=0
    team 12: factor=0.852  yoy_avg=-14.8%  n=8
    team 13: factor=1.000  yoy_avg=+5.5%  n=8
    team 16: factor=0.943  yoy_avg=-5.7%  n=8
    team 17: factor=0.725  yoy_avg=-27.5%  n=8
    team 18: factor=1.000  yoy_avg=+10.5%  n=8
  main loop...
  forecasts generados: 15,689
  [ 19/20]  WAPE=70.80  REG-1=56.69 OK  REG-2=119.74  REG-4=154.72  REG-7=133.17  REG-8=54.68  BIAS=+9.60  [133s]  | SI_CEIL=4.0, SI_SKU_ADJ_ALPHA_HIGH=0.3, SI_MIN_YEARS_FOR_SKU=3
[HM_SI_local] cutoff=2026-05-03  version=HM_SI_LOCAL_v3_46_MIRROR_v0_1
  cargando cache desde C:\Users\sanhu\Odoo\proyectos\2026-05-27-harness-local\cache...
  ABCXYZ context: 2,029 SKUs
  filas POS: 581,848
  target_week=2026-05-04  iso_week=19
  price_corr context: 735 productos con factor
  construyendo series weekly (window corta SMA)...
  pares (team, sku): 15,630  semanas: 26
  construyendo series weekly (window larga para lifecycle)...
  semanas largas: 104
  construyendo SI dicts...
  SI local_categ (team,categ): 694  categ_global: 65  SKUs: 1,646
  computando fair_share_ctx...
    sku_qty_per_sala: 15,700
    categ_qty_per_sala: 716
  computando trend factors por team (YoY asimetrico)...
    team 5: factor=0.814  yoy_avg=-18.6%  n=8
    team 6: factor=0.825  yoy_avg=-17.5%  n=8
    team 7: factor=0.788  yoy_avg=-21.2%  n=8
    team 8: factor=0.958  yoy_avg=-4.2%  n=8
    team 9: factor=1.000  yoy_avg=+2.3%  n=8
    team 10: factor=1.000  yoy_avg=+3.3%  n=8
    team 11: factor=1.000  yoy_avg=+0.0%  n=0
    team 12: factor=0.870  yoy_avg=-13.0%  n=8
    team 13: factor=0.976  yoy_avg=-2.4%  n=8
    team 16: factor=0.967  yoy_avg=-3.3%  n=8
    team 17: factor=0.774  yoy_avg=-22.6%  n=8
    team 18: factor=1.000  yoy_avg=+17.5%  n=8
  main loop...
  forecasts generados: 15,625
[HM_SI_local] cutoff=2026-05-10  version=HM_SI_LOCAL_v3_46_MIRROR_v0_1
  cargando cache desde C:\Users\sanhu\Odoo\proyectos\2026-05-27-harness-local\cache...
  ABCXYZ context: 2,029 SKUs
  filas POS: 581,848
  target_week=2026-05-11  iso_week=20
  price_corr context: 768 productos con factor
  construyendo series weekly (window corta SMA)...
  pares (team, sku): 15,619  semanas: 26
  construyendo series weekly (window larga para lifecycle)...
  semanas largas: 104
  construyendo SI dicts...
  SI local_categ (team,categ): 696  categ_global: 65  SKUs: 1,646
  computando fair_share_ctx...
    sku_qty_per_sala: 15,668
    categ_qty_per_sala: 716
  computando trend factors por team (YoY asimetrico)...
    team 5: factor=0.813  yoy_avg=-18.7%  n=8
    team 6: factor=0.802  yoy_avg=-19.8%  n=8
    team 7: factor=0.763  yoy_avg=-23.7%  n=8
    team 8: factor=0.959  yoy_avg=-4.1%  n=8
    team 9: factor=1.000  yoy_avg=+0.2%  n=8
    team 10: factor=0.999  yoy_avg=-0.1%  n=8
    team 11: factor=1.000  yoy_avg=+0.0%  n=0
    team 12: factor=0.851  yoy_avg=-14.9%  n=8
    team 13: factor=1.000  yoy_avg=+0.3%  n=8
    team 16: factor=0.954  yoy_avg=-4.6%  n=8
    team 17: factor=0.740  yoy_avg=-26.0%  n=8
    team 18: factor=1.000  yoy_avg=+13.2%  n=8
  main loop...
  forecasts generados: 15,613
[HM_SI_local] cutoff=2026-05-17  version=HM_SI_LOCAL_v3_46_MIRROR_v0_1
  cargando cache desde C:\Users\sanhu\Odoo\proyectos\2026-05-27-harness-local\cache...
  ABCXYZ context: 2,029 SKUs
  filas POS: 581,848
  target_week=2026-05-18  iso_week=21
  price_corr context: 786 productos con factor
  construyendo series weekly (window corta SMA)...
  pares (team, sku): 15,695  semanas: 26
  construyendo series weekly (window larga para lifecycle)...
  semanas largas: 104
  construyendo SI dicts...
  SI local_categ (team,categ): 698  categ_global: 65  SKUs: 1,665
  computando fair_share_ctx...
    sku_qty_per_sala: 15,745
    categ_qty_per_sala: 718
  computando trend factors por team (YoY asimetrico)...
    team 5: factor=0.832  yoy_avg=-16.8%  n=8
    team 6: factor=0.798  yoy_avg=-20.2%  n=8
    team 7: factor=0.770  yoy_avg=-23.0%  n=8
    team 8: factor=0.956  yoy_avg=-4.4%  n=8
    team 9: factor=0.997  yoy_avg=-0.3%  n=8
    team 10: factor=0.988  yoy_avg=-1.2%  n=8
    team 11: factor=1.000  yoy_avg=+0.0%  n=0
    team 12: factor=0.852  yoy_avg=-14.8%  n=8
    team 13: factor=1.000  yoy_avg=+5.5%  n=8
    team 16: factor=0.943  yoy_avg=-5.7%  n=8
    team 17: factor=0.725  yoy_avg=-27.5%  n=8
    team 18: factor=1.000  yoy_avg=+10.5%  n=8
  main loop...
  forecasts generados: 15,689
  [ 20/20]  WAPE=70.62  REG-1=56.44 OK  REG-2=119.79  REG-4=154.78  REG-7=133.34  REG-8=54.64  BIAS=+9.41  [133s]  | SI_CEIL=6.0, SI_SKU_ADJ_ALPHA_HIGH=0.2, SI_MIN_YEARS_FOR_SKU=2

====================================================================================================
TOP 10 (filtrados por constraint REG-1)
====================================================================================================
 config_idx  WAPE_total  WAPE_REG-1  WAPE_REG-2  WAPE_REG-4  WAPE_REG-7  WAPE_REG-8  BIAS_total  SI_CEIL  SI_SKU_ADJ_ALPHA_HIGH  SI_MIN_YEARS_FOR_SKU
          3       70.51       56.32      119.79      154.71      133.34       54.24        9.53      3.0                    0.2                     2
          1       70.53       56.33      119.76      154.87      133.55       54.21        9.57      3.0                    0.2                     3
         12       70.61       56.42      119.79      154.78      133.34       54.64        9.43      4.0                    0.2                     2
          8       70.62       56.44      119.79      154.78      133.34       54.64        9.41      5.0                    0.2                     2
         14       70.62       56.43      119.76      154.94      133.55       54.63        9.46      4.0                    0.2                     3
         20       70.62       56.44      119.79      154.78      133.34       54.64        9.41      6.0                    0.2                     2
          9       70.64       56.45      119.76      154.94      133.55       54.65        9.44      6.0                    0.2                     3
         19       70.80       56.69      119.74      154.72      133.17       54.68        9.60      4.0                    0.3                     3
          2       70.83       56.72      119.82      155.06      132.55       54.72        9.49      4.0                    0.3                     2
          7       70.84       56.74      119.81      155.06      132.55       54.73        9.48      5.0                    0.3                     2

Baseline:  WAPE=70.81  REG-1=56.7  BIAS=9.59

Mejor: WAPE 70.51 (Δ +0.30pp vs baseline)
Config ganadora: {'SI_CEIL': np.float64(3.0), 'SI_SKU_ADJ_ALPHA_HIGH': np.float64(0.2), 'SI_MIN_YEARS_FOR_SKU': np.int64(2)}

 -> C:\Users\sanhu\Odoo\proyectos\2026-05-27-harness-local\resultados\tune_phase_3_reg8_seasonal.parquet
